<?xml version="1.0" encoding="UTF-8"?>
<!-- Generated by org.testng.reporters.JUnitXMLReporter -->
<testsuite ignored="0" hostname="Abi" failures="0" tests="1" name="Search Hotel Test" time="0.034" errors="0" timestamp="2024-11-16T14:08:42 IST">
  <testcase classname="test.Logintest" name="@BeforeTest setup" time="0.001">
    <failure type="java.io.FileNotFoundException" message="C:\Users\girit\workspace\Adactin\UtilsLoginTest.properties (The system cannot find the path specified)">
      <![CDATA[java.io.FileNotFoundException: C:\Users\girit\workspace\Adactin\UtilsLoginTest.properties (The system cannot find the path specified)
at java.base/java.io.FileInputStream.open0(Native Method)
at java.base/java.io.FileInputStream.open(FileInputStream.java:213)
at java.base/java.io.FileInputStream.<init>(FileInputStream.java:152)
at java.base/java.io.FileInputStream.<init>(FileInputStream.java:106)
at java.base/java.io.FileReader.<init>(FileReader.java:60)
at base.Utility.readFromPropFile(Utility.java:78)
at test.Logintest.setup(Logintest.java:23)
... Removed 22 stack frames]]>
    </failure>
  </testcase> <!-- @BeforeTest setup -->
  <testcase classname="base.Projectspecification" name="@BeforeClass testDetails" time="-1.731746322637E9">
    <skipped/>
  </testcase> <!-- @BeforeClass testDetails -->
  <testcase classname="base.Projectspecification" name="@BeforeMethod launchAndLoadURL" time="-1.731746322644E9">
    <skipped/>
  </testcase> <!-- @BeforeMethod launchAndLoadURL -->
  <testcase classname="base.Projectspecification" name="@AfterMethod browserClose" time="-1.731746322648E9">
    <skipped/>
  </testcase> <!-- @AfterMethod browserClose -->
  <testcase classname="test.Logintest" name="loginTest" time="0.0">
    <skipped/>
  </testcase> <!-- loginTest -->
</testsuite> <!-- Search Hotel Test -->
