<?xml version="1.0" encoding="UTF-8"?>
<!-- Generated by org.testng.reporters.JUnitXMLReporter -->
<testsuite ignored="8" hostname="Abi" failures="0" tests="30" name="LoginTest" time="462.509" errors="0" timestamp="2024-11-26T18:03:16 IST">
  <testcase classname="test.loginTest" name="loginTestCase" time="1.955"/>
  <testcase classname="test.loginTest" name="loginTestCase" time="1.754"/>
  <testcase classname="test.searchHotelTest" name="searchTest" time="3.802"/>
  <testcase classname="test.searchHotelTest" name="searchTest" time="2.557"/>
  <testcase classname="test.searchHotelTest" name="searchTest" time="3.254"/>
  <testcase classname="test.searchHotelTest" name="searchTest" time="3.186"/>
  <testcase classname="test.searchHotelTest" name="searchTest" time="3.229"/>
  <testcase classname="test.searchHotelTest" name="searchTest" time="28.931"/>
  <testcase classname="test.searchHotelTest" name="searchTest" time="2.905"/>
  <testcase classname="test.searchHotelTest" name="searchTest" time="2.705"/>
  <testcase classname="test.searchHotelTest" name="searchTest" time="3.7"/>
  <testcase classname="test.searchHotelTest" name="searchTest" time="3.616"/>
  <testcase classname="test.bookaHotelTest" name="bookTest" time="4.64"/>
  <testcase classname="test.bookaHotelTest" name="bookTest" time="3.345"/>
  <testcase classname="test.bookaHotelTest" name="bookTest" time="4.393"/>
  <testcase classname="test.bookaHotelTest" name="bookTest" time="4.9"/>
  <testcase classname="test.bookaHotelTest" name="bookTest" time="4.375"/>
  <testcase classname="test.bookaHotelTest" name="bookTest" time="4.461"/>
  <testcase classname="test.bookaHotelTest" name="bookTest" time="3.899"/>
  <testcase classname="test.bookaHotelTest" name="bookTest" time="4.86"/>
  <testcase classname="test.bookaHotelTest" name="bookTest" time="4.571"/>
  <testcase classname="test.bookaHotelTest" name="bookTest" time="3.532"/>
  <testcase classname="test.bookaHotelTest" name="bookTest" time="9.804"/>
  <testcase classname="test.bookaHotelTest" name="bookTest" time="4.804"/>
  <testcase classname="test.selectHotelTest" name="selectTest" time="3.271"/>
  <testcase classname="test.otherTest" name="otherScenarioTest" time="2.869"/>
  <testcase classname="test.otherTest" name="otherScenarioTest" time="28.796"/>
  <testcase classname="test.otherTest" name="otherScenarioTest" time="28.092"/>
  <testcase classname="test.otherTest" name="otherScenarioTest" time="53.068"/>
  <testcase classname="test.otherTest" name="otherScenarioTest" time="1.634"/>
  <testcase classname="base.projectSpecification" name="@BeforeSuite reportInitilization" time="0.0">
    <ignored/>
  </testcase> <!-- @BeforeSuite reportInitilization -->
  <testcase classname="base.projectSpecification" name="@BeforeSuite reportInitilization" time="0.0">
    <ignored/>
  </testcase> <!-- @BeforeSuite reportInitilization -->
  <testcase classname="base.projectSpecification" name="@BeforeSuite reportInitilization" time="0.0">
    <ignored/>
  </testcase> <!-- @BeforeSuite reportInitilization -->
  <testcase classname="base.projectSpecification" name="@BeforeSuite reportInitilization" time="0.0">
    <ignored/>
  </testcase> <!-- @BeforeSuite reportInitilization -->
  <testcase classname="base.projectSpecification" name="@AfterSuite reportClose" time="0.0">
    <ignored/>
  </testcase> <!-- @AfterSuite reportClose -->
  <testcase classname="base.projectSpecification" name="@AfterSuite reportClose" time="0.0">
    <ignored/>
  </testcase> <!-- @AfterSuite reportClose -->
  <testcase classname="base.projectSpecification" name="@AfterSuite reportClose" time="0.0">
    <ignored/>
  </testcase> <!-- @AfterSuite reportClose -->
  <testcase classname="base.projectSpecification" name="@AfterSuite reportClose" time="0.0">
    <ignored/>
  </testcase> <!-- @AfterSuite reportClose -->
</testsuite> <!-- LoginTest -->
