<?xml version="1.0" encoding="UTF-8"?>
<!-- Generated by org.testng.reporters.JUnitXMLReporter -->
<testsuite ignored="0" hostname="Abi" failures="0" tests="12" name="Default test" time="156.421" errors="0" timestamp="2024-11-26T17:29:23 IST">
  <testcase classname="test.bookaHotelTest" name="bookTest" time="4.631"/>
  <testcase classname="test.bookaHotelTest" name="bookTest" time="4.271"/>
  <testcase classname="test.bookaHotelTest" name="bookTest" time="3.768"/>
  <testcase classname="test.bookaHotelTest" name="bookTest" time="5.777"/>
  <testcase classname="test.bookaHotelTest" name="bookTest" time="4.743"/>
  <testcase classname="test.bookaHotelTest" name="bookTest" time="4.862"/>
  <testcase classname="test.bookaHotelTest" name="bookTest" time="5.038"/>
  <testcase classname="test.bookaHotelTest" name="bookTest" time="5.005"/>
  <testcase classname="test.bookaHotelTest" name="bookTest" time="5.249"/>
  <testcase classname="test.bookaHotelTest" name="bookTest" time="5.312"/>
  <testcase classname="test.bookaHotelTest" name="bookTest" time="9.628"/>
  <testcase classname="test.bookaHotelTest" name="bookTest" time="5.088"/>
</testsuite> <!-- Default test -->
