<?xml version="1.0" encoding="UTF-8"?>
<!-- Generated by org.testng.reporters.JUnitXMLReporter -->
<testsuite ignored="0" hostname="Abi" failures="0" tests="3" name="Default test" time="37.064" errors="0" timestamp="2024-12-18T20:39:16 IST">
  <testcase classname="test.contactDetailTest" name="checkContactDetail" time="3.681"/>
  <testcase classname="test.contactDetailTest" name="deleteContactTest" time="5.127"/>
  <testcase classname="test.contactDetailTest" name="editContactDetailTest" time="8.352"/>
</testsuite> <!-- Default test -->
