<?xml version="1.0" encoding="UTF-8"?>
<!-- Generated by org.testng.reporters.JUnitXMLReporter -->
<testsuite ignored="10" hostname="Abi" failures="0" tests="7" name="DemoBlazeTest" time="63.495" errors="0" timestamp="2024-12-15T19:09:56 IST">
  <testcase classname="testCase.signupTest" name="validateSignupTest" time="1.761"/>
  <testcase classname="testCase.loginTest" name="validateLoginTest" time="4.292"/>
  <testcase classname="testCase.loginTest" name="validateLogoutTest" time="3.647"/>
  <testcase classname="testCase.homepageTest" name="validatehomepageTest" time="5.665"/>
  <testcase classname="testCase.productdetailTest" name="clickproduct" time="5.681"/>
  <testcase classname="testCase.cartTest" name="addCartTest" time="12.47"/>
  <testcase classname="testCase.paymentTest" name="validatePaymentTest" time="8.232"/>
  <testcase classname="base.projectSpecification" name="@BeforeSuite reportInitilization" time="0.0">
    <ignored/>
  </testcase> <!-- @BeforeSuite reportInitilization -->
  <testcase classname="base.projectSpecification" name="@BeforeSuite reportInitilization" time="0.0">
    <ignored/>
  </testcase> <!-- @BeforeSuite reportInitilization -->
  <testcase classname="base.projectSpecification" name="@BeforeSuite reportInitilization" time="0.0">
    <ignored/>
  </testcase> <!-- @BeforeSuite reportInitilization -->
  <testcase classname="base.projectSpecification" name="@BeforeSuite reportInitilization" time="0.0">
    <ignored/>
  </testcase> <!-- @BeforeSuite reportInitilization -->
  <testcase classname="base.projectSpecification" name="@BeforeSuite reportInitilization" time="0.0">
    <ignored/>
  </testcase> <!-- @BeforeSuite reportInitilization -->
  <testcase classname="base.projectSpecification" name="@AfterSuite reportClose" time="0.0">
    <ignored/>
  </testcase> <!-- @AfterSuite reportClose -->
  <testcase classname="base.projectSpecification" name="@AfterSuite reportClose" time="0.0">
    <ignored/>
  </testcase> <!-- @AfterSuite reportClose -->
  <testcase classname="base.projectSpecification" name="@AfterSuite reportClose" time="0.0">
    <ignored/>
  </testcase> <!-- @AfterSuite reportClose -->
  <testcase classname="base.projectSpecification" name="@AfterSuite reportClose" time="0.0">
    <ignored/>
  </testcase> <!-- @AfterSuite reportClose -->
  <testcase classname="base.projectSpecification" name="@AfterSuite reportClose" time="0.0">
    <ignored/>
  </testcase> <!-- @AfterSuite reportClose -->
</testsuite> <!-- DemoBlazeTest -->
