<?xml version="1.0" encoding="UTF-8"?>
<!-- Generated by org.testng.reporters.JUnitXMLReporter -->
<testsuite ignored="8" hostname="Abi" failures="0" tests="17" name="herokuappTest" time="227.093" errors="0" timestamp="2024-12-18T20:49:19 IST">
  <testcase classname="test.signUpTest" name="validateSignupTest" time="2.292"/>
  <testcase classname="test.loginTest" name="invalidLoginTest" time="1.954"/>
  <testcase classname="test.loginTest" name="validateLoginTest" time="2.273"/>
  <testcase classname="test.addContactTest" name="validateAddContactTest" time="32.539"/>
  <testcase classname="test.addContactTest" name="validateAddContactTest" time="6.428"/>
  <testcase classname="test.addContactTest" name="validateAddContactTest" time="5.736"/>
  <testcase classname="test.addContactTest" name="validateAddContactTest" time="5.963"/>
  <testcase classname="test.addContactTest" name="validateAddContactTest" time="7.258"/>
  <testcase classname="test.addContactTest" name="validateAddContactTest" time="6.834"/>
  <testcase classname="test.addContactTest" name="validateAddContactTest" time="6.584"/>
  <testcase classname="test.addContactTest" name="validateAddContactTest" time="6.894"/>
  <testcase classname="test.addContactTest" name="validateAddContactTest" time="7.34"/>
  <testcase classname="test.contactDetailTest" name="checkContactDetail" time="2.952"/>
  <testcase classname="test.contactDetailTest" name="deleteContactTest" time="6.322"/>
  <testcase classname="test.contactDetailTest" name="editContactDetailTest" time="8.158"/>
  <testcase classname="test.contactListTest" name="logoutTest" time="3.586"/>
  <testcase classname="test.contactListTest" name="validateContactDisplayTest" time="2.165"/>
  <testcase classname="base.projectSpecification" name="@BeforeSuite reportInitilization" time="0.0">
    <ignored/>
  </testcase> <!-- @BeforeSuite reportInitilization -->
  <testcase classname="base.projectSpecification" name="@BeforeSuite reportInitilization" time="0.0">
    <ignored/>
  </testcase> <!-- @BeforeSuite reportInitilization -->
  <testcase classname="base.projectSpecification" name="@BeforeSuite reportInitilization" time="0.0">
    <ignored/>
  </testcase> <!-- @BeforeSuite reportInitilization -->
  <testcase classname="base.projectSpecification" name="@BeforeSuite reportInitilization" time="0.0">
    <ignored/>
  </testcase> <!-- @BeforeSuite reportInitilization -->
  <testcase classname="base.projectSpecification" name="@AfterSuite reportClose" time="0.0">
    <ignored/>
  </testcase> <!-- @AfterSuite reportClose -->
  <testcase classname="base.projectSpecification" name="@AfterSuite reportClose" time="0.0">
    <ignored/>
  </testcase> <!-- @AfterSuite reportClose -->
  <testcase classname="base.projectSpecification" name="@AfterSuite reportClose" time="0.0">
    <ignored/>
  </testcase> <!-- @AfterSuite reportClose -->
  <testcase classname="base.projectSpecification" name="@AfterSuite reportClose" time="0.0">
    <ignored/>
  </testcase> <!-- @AfterSuite reportClose -->
</testsuite> <!-- herokuappTest -->
