<?xml version="1.0" encoding="UTF-8"?>
<!-- Generated by org.testng.reporters.JUnitXMLReporter -->
<testsuite ignored="8" hostname="Abi" failures="0" tests="30" name="lgTest" time="539.078" errors="0" timestamp="2024-11-27T18:17:24 IST">
  <testcase classname="testCase.loginTest" name="loginTestCase" time="4.787"/>
  <testcase classname="testCase.loginTest" name="loginTestCase" time="2.37"/>
  <testcase classname="testCase.searchHotelTest" name="searchTest" time="4.203"/>
  <testcase classname="testCase.searchHotelTest" name="searchTest" time="4.699"/>
  <testcase classname="testCase.searchHotelTest" name="searchTest" time="3.947"/>
  <testcase classname="testCase.searchHotelTest" name="searchTest" time="4.789"/>
  <testcase classname="testCase.searchHotelTest" name="searchTest" time="4.484"/>
  <testcase classname="testCase.searchHotelTest" name="searchTest" time="29.349"/>
  <testcase classname="testCase.searchHotelTest" name="searchTest" time="3.663"/>
  <testcase classname="testCase.searchHotelTest" name="searchTest" time="3.673"/>
  <testcase classname="testCase.searchHotelTest" name="searchTest" time="3.617"/>
  <testcase classname="testCase.searchHotelTest" name="searchTest" time="3.659"/>
  <testcase classname="testCase.bookaHotelTest" name="bookTest" time="4.981"/>
  <testcase classname="testCase.bookaHotelTest" name="bookTest" time="5.556"/>
  <testcase classname="testCase.bookaHotelTest" name="bookTest" time="5.014"/>
  <testcase classname="testCase.bookaHotelTest" name="bookTest" time="5.549"/>
  <testcase classname="testCase.bookaHotelTest" name="bookTest" time="4.873"/>
  <testcase classname="testCase.bookaHotelTest" name="bookTest" time="4.967"/>
  <testcase classname="testCase.bookaHotelTest" name="bookTest" time="4.905"/>
  <testcase classname="testCase.bookaHotelTest" name="bookTest" time="5.215"/>
  <testcase classname="testCase.bookaHotelTest" name="bookTest" time="5.209"/>
  <testcase classname="testCase.bookaHotelTest" name="bookTest" time="4.966"/>
  <testcase classname="testCase.bookaHotelTest" name="bookTest" time="10.376"/>
  <testcase classname="testCase.bookaHotelTest" name="bookTest" time="4.772"/>
  <testcase classname="testCase.selectHotelTest" name="selectTest" time="3.389"/>
  <testcase classname="testCase.otherTest" name="otherScenarioTest" time="10.736"/>
  <testcase classname="testCase.otherTest" name="otherScenarioTest" time="29.205"/>
  <testcase classname="testCase.otherTest" name="otherScenarioTest" time="28.604"/>
  <testcase classname="testCase.otherTest" name="otherScenarioTest" time="53.671"/>
  <testcase classname="testCase.otherTest" name="otherScenarioTest" time="2.263"/>
  <testcase classname="base.projectSpecification" name="@BeforeSuite reportInitilization" time="0.0">
    <ignored/>
  </testcase> <!-- @BeforeSuite reportInitilization -->
  <testcase classname="base.projectSpecification" name="@BeforeSuite reportInitilization" time="0.0">
    <ignored/>
  </testcase> <!-- @BeforeSuite reportInitilization -->
  <testcase classname="base.projectSpecification" name="@BeforeSuite reportInitilization" time="0.0">
    <ignored/>
  </testcase> <!-- @BeforeSuite reportInitilization -->
  <testcase classname="base.projectSpecification" name="@AfterSuite reportClose" time="0.0">
    <ignored/>
  </testcase> <!-- @AfterSuite reportClose -->
  <testcase classname="base.projectSpecification" name="@AfterSuite reportClose" time="0.0">
    <ignored/>
  </testcase> <!-- @AfterSuite reportClose -->
  <testcase classname="base.projectSpecification" name="@AfterSuite reportClose" time="0.0">
    <ignored/>
  </testcase> <!-- @AfterSuite reportClose -->
  <testcase classname="base.projectSpecification" name="@AfterSuite reportClose" time="0.0">
    <ignored/>
  </testcase> <!-- @AfterSuite reportClose -->
  <testcase classname="base.projectSpecification" name="@BeforeSuite reportInitilization" time="0.0">
    <ignored/>
  </testcase> <!-- @BeforeSuite reportInitilization -->
</testsuite> <!-- lgTest -->
