<?xml version="1.0" encoding="UTF-8"?>
<testng-results ignored="0" total="30" passed="30" failed="0" skipped="0">
  <reporter-output>
  </reporter-output>
  <suite started-at="2024-11-27T18:08:25 IST" name="Suite" finished-at="2024-11-27T18:17:24 IST" duration-ms="539078">
    <groups>
    </groups>
    <test started-at="2024-11-27T18:08:25 IST" name="lgTest" finished-at="2024-11-27T18:17:24 IST" duration-ms="539078">
      <class name="testCase.bookaHotelTest">
        <test-method is-config="true" signature="config()[pri:0, instance:testCase.bookaHotelTest@59cba5a]" started-at="2024-11-27T18:08:25 IST" name="config" finished-at="2024-11-27T18:08:25 IST" duration-ms="2" status="PASS">
          <reporter-output>
          </reporter-output>
        </test-method> <!-- config -->
        <test-method is-config="true" signature="testDetails()[pri:0, instance:testCase.bookaHotelTest@59cba5a]" started-at="2024-11-27T18:11:36 IST" name="testDetails" finished-at="2024-11-27T18:11:36 IST" duration-ms="1" status="PASS">
          <reporter-output>
          </reporter-output>
        </test-method> <!-- testDetails -->
        <test-method is-config="true" signature="launchAndLoadURL(java.lang.String,java.lang.String)[pri:0, instance:testCase.bookaHotelTest@59cba5a]" started-at="2024-11-27T18:11:36 IST" name="launchAndLoadURL" finished-at="2024-11-27T18:11:43 IST" duration-ms="7066" status="PASS">
          <params>
            <param index="0">
              <value>
                <![CDATA[browser]]>
              </value>
            </param>
            <param index="1">
              <value>
                <![CDATA[url]]>
              </value>
            </param>
          </params>
          <reporter-output>
          </reporter-output>
        </test-method> <!-- launchAndLoadURL -->
        <test-method signature="bookTest(java.lang.String,java.lang.String,java.lang.String,java.lang.String,java.lang.String,java.lang.String,java.lang.String,java.lang.String,java.lang.String,java.lang.String,java.lang.String,java.lang.String,java.lang.String,java.lang.String,java.lang.String)[pri:0, instance:testCase.bookaHotelTest@59cba5a]" started-at="2024-11-27T18:11:43 IST" name="bookTest" data-provider="excelRead" finished-at="2024-11-27T18:11:48 IST" duration-ms="4981" status="PASS">
          <params>
            <param index="0">
              <value>
                <![CDATA[TC_013]]>
              </value>
            </param>
            <param index="1">
              <value>
                <![CDATA[Validate Mandatory fields]]>
              </value>
            </param>
            <param index="2">
              <value>
                <![CDATA[Abirami20]]>
              </value>
            </param>
            <param index="3">
              <value>
                <![CDATA[S232323]]>
              </value>
            </param>
            <param index="4">
              <value>
                <![CDATA[Sydney]]>
              </value>
            </param>
            <param index="5">
              <value>
                <![CDATA[ ]]>
              </value>
            </param>
            <param index="6">
              <value>
                <![CDATA[S]]>
              </value>
            </param>
            <param index="7">
              <value>
                <![CDATA[H-23, Wall Street, Syndey]]>
              </value>
            </param>
            <param index="8">
              <value>
                <![CDATA[1234567890123456]]>
              </value>
            </param>
            <param index="9">
              <value>
                <![CDATA[VISA]]>
              </value>
            </param>
            <param index="10">
              <value>
                <![CDATA[1]]>
              </value>
            </param>
            <param index="11">
              <value>
                <![CDATA[2030]]>
              </value>
            </param>
            <param index="12">
              <value>
                <![CDATA[900]]>
              </value>
            </param>
            <param index="13">
              <value>
                <![CDATA[Error message displayed]]>
              </value>
            </param>
            <param index="14">
              <value>
                <![CDATA[Please Enter your First Name]]>
              </value>
            </param>
          </params>
          <reporter-output>
          </reporter-output>
        </test-method> <!-- bookTest -->
        <test-method is-config="true" signature="browserClose()[pri:0, instance:testCase.bookaHotelTest@59cba5a]" started-at="2024-11-27T18:11:48 IST" name="browserClose" finished-at="2024-11-27T18:11:50 IST" duration-ms="1548" status="PASS">
          <reporter-output>
          </reporter-output>
        </test-method> <!-- browserClose -->
        <test-method is-config="true" signature="launchAndLoadURL(java.lang.String,java.lang.String)[pri:0, instance:testCase.bookaHotelTest@59cba5a]" started-at="2024-11-27T18:11:50 IST" name="launchAndLoadURL" finished-at="2024-11-27T18:11:57 IST" duration-ms="7419" status="PASS">
          <params>
            <param index="0">
              <value>
                <![CDATA[browser]]>
              </value>
            </param>
            <param index="1">
              <value>
                <![CDATA[url]]>
              </value>
            </param>
          </params>
          <reporter-output>
          </reporter-output>
        </test-method> <!-- launchAndLoadURL -->
        <test-method signature="bookTest(java.lang.String,java.lang.String,java.lang.String,java.lang.String,java.lang.String,java.lang.String,java.lang.String,java.lang.String,java.lang.String,java.lang.String,java.lang.String,java.lang.String,java.lang.String,java.lang.String,java.lang.String)[pri:0, instance:testCase.bookaHotelTest@59cba5a]" started-at="2024-11-27T18:11:57 IST" name="bookTest" data-provider="excelRead" finished-at="2024-11-27T18:12:03 IST" duration-ms="5556" status="PASS">
          <params>
            <param index="0">
              <value>
                <![CDATA[TC_014]]>
              </value>
            </param>
            <param index="1">
              <value>
                <![CDATA[Validate Mandatory fields]]>
              </value>
            </param>
            <param index="2">
              <value>
                <![CDATA[Abirami20]]>
              </value>
            </param>
            <param index="3">
              <value>
                <![CDATA[S232323]]>
              </value>
            </param>
            <param index="4">
              <value>
                <![CDATA[Sydney]]>
              </value>
            </param>
            <param index="5">
              <value>
                <![CDATA[John]]>
              </value>
            </param>
            <param index="6">
              <value>
                <![CDATA[ ]]>
              </value>
            </param>
            <param index="7">
              <value>
                <![CDATA[H-23, Wall Street, Syndey]]>
              </value>
            </param>
            <param index="8">
              <value>
                <![CDATA[1234567890123456]]>
              </value>
            </param>
            <param index="9">
              <value>
                <![CDATA[VISA]]>
              </value>
            </param>
            <param index="10">
              <value>
                <![CDATA[1]]>
              </value>
            </param>
            <param index="11">
              <value>
                <![CDATA[2030]]>
              </value>
            </param>
            <param index="12">
              <value>
                <![CDATA[900]]>
              </value>
            </param>
            <param index="13">
              <value>
                <![CDATA[Error message displayed]]>
              </value>
            </param>
            <param index="14">
              <value>
                <![CDATA[Please Enter you Last Name]]>
              </value>
            </param>
          </params>
          <reporter-output>
          </reporter-output>
        </test-method> <!-- bookTest -->
        <test-method is-config="true" signature="browserClose()[pri:0, instance:testCase.bookaHotelTest@59cba5a]" started-at="2024-11-27T18:12:03 IST" name="browserClose" finished-at="2024-11-27T18:12:04 IST" duration-ms="1410" status="PASS">
          <reporter-output>
          </reporter-output>
        </test-method> <!-- browserClose -->
        <test-method is-config="true" signature="launchAndLoadURL(java.lang.String,java.lang.String)[pri:0, instance:testCase.bookaHotelTest@59cba5a]" started-at="2024-11-27T18:12:04 IST" name="launchAndLoadURL" finished-at="2024-11-27T18:12:11 IST" duration-ms="7390" status="PASS">
          <params>
            <param index="0">
              <value>
                <![CDATA[browser]]>
              </value>
            </param>
            <param index="1">
              <value>
                <![CDATA[url]]>
              </value>
            </param>
          </params>
          <reporter-output>
          </reporter-output>
        </test-method> <!-- launchAndLoadURL -->
        <test-method signature="bookTest(java.lang.String,java.lang.String,java.lang.String,java.lang.String,java.lang.String,java.lang.String,java.lang.String,java.lang.String,java.lang.String,java.lang.String,java.lang.String,java.lang.String,java.lang.String,java.lang.String,java.lang.String)[pri:0, instance:testCase.bookaHotelTest@59cba5a]" started-at="2024-11-27T18:12:11 IST" name="bookTest" data-provider="excelRead" finished-at="2024-11-27T18:12:16 IST" duration-ms="5014" status="PASS">
          <params>
            <param index="0">
              <value>
                <![CDATA[TC_015]]>
              </value>
            </param>
            <param index="1">
              <value>
                <![CDATA[Validate Mandatory fields]]>
              </value>
            </param>
            <param index="2">
              <value>
                <![CDATA[Abirami20]]>
              </value>
            </param>
            <param index="3">
              <value>
                <![CDATA[S232323]]>
              </value>
            </param>
            <param index="4">
              <value>
                <![CDATA[Sydney]]>
              </value>
            </param>
            <param index="5">
              <value>
                <![CDATA[John]]>
              </value>
            </param>
            <param index="6">
              <value>
                <![CDATA[S]]>
              </value>
            </param>
            <param index="7">
              <value>
                <![CDATA[ ]]>
              </value>
            </param>
            <param index="8">
              <value>
                <![CDATA[1234567890123456]]>
              </value>
            </param>
            <param index="9">
              <value>
                <![CDATA[VISA]]>
              </value>
            </param>
            <param index="10">
              <value>
                <![CDATA[1]]>
              </value>
            </param>
            <param index="11">
              <value>
                <![CDATA[2030]]>
              </value>
            </param>
            <param index="12">
              <value>
                <![CDATA[900]]>
              </value>
            </param>
            <param index="13">
              <value>
                <![CDATA[Error message displayed]]>
              </value>
            </param>
            <param index="14">
              <value>
                <![CDATA[Please Enter your Address]]>
              </value>
            </param>
          </params>
          <reporter-output>
          </reporter-output>
        </test-method> <!-- bookTest -->
        <test-method is-config="true" signature="browserClose()[pri:0, instance:testCase.bookaHotelTest@59cba5a]" started-at="2024-11-27T18:12:16 IST" name="browserClose" finished-at="2024-11-27T18:12:18 IST" duration-ms="1678" status="PASS">
          <reporter-output>
          </reporter-output>
        </test-method> <!-- browserClose -->
        <test-method is-config="true" signature="launchAndLoadURL(java.lang.String,java.lang.String)[pri:0, instance:testCase.bookaHotelTest@59cba5a]" started-at="2024-11-27T18:12:18 IST" name="launchAndLoadURL" finished-at="2024-11-27T18:12:25 IST" duration-ms="6749" status="PASS">
          <params>
            <param index="0">
              <value>
                <![CDATA[browser]]>
              </value>
            </param>
            <param index="1">
              <value>
                <![CDATA[url]]>
              </value>
            </param>
          </params>
          <reporter-output>
          </reporter-output>
        </test-method> <!-- launchAndLoadURL -->
        <test-method signature="bookTest(java.lang.String,java.lang.String,java.lang.String,java.lang.String,java.lang.String,java.lang.String,java.lang.String,java.lang.String,java.lang.String,java.lang.String,java.lang.String,java.lang.String,java.lang.String,java.lang.String,java.lang.String)[pri:0, instance:testCase.bookaHotelTest@59cba5a]" started-at="2024-11-27T18:12:25 IST" name="bookTest" data-provider="excelRead" finished-at="2024-11-27T18:12:30 IST" duration-ms="5549" status="PASS">
          <params>
            <param index="0">
              <value>
                <![CDATA[TC_016]]>
              </value>
            </param>
            <param index="1">
              <value>
                <![CDATA[Validate Mandatory fields]]>
              </value>
            </param>
            <param index="2">
              <value>
                <![CDATA[Abirami20]]>
              </value>
            </param>
            <param index="3">
              <value>
                <![CDATA[S232323]]>
              </value>
            </param>
            <param index="4">
              <value>
                <![CDATA[Sydney]]>
              </value>
            </param>
            <param index="5">
              <value>
                <![CDATA[John]]>
              </value>
            </param>
            <param index="6">
              <value>
                <![CDATA[S]]>
              </value>
            </param>
            <param index="7">
              <value>
                <![CDATA[H-23, Wall Street, Syndey]]>
              </value>
            </param>
            <param index="8">
              <value>
                <![CDATA[  ]]>
              </value>
            </param>
            <param index="9">
              <value>
                <![CDATA[VISA]]>
              </value>
            </param>
            <param index="10">
              <value>
                <![CDATA[1]]>
              </value>
            </param>
            <param index="11">
              <value>
                <![CDATA[2030]]>
              </value>
            </param>
            <param index="12">
              <value>
                <![CDATA[900]]>
              </value>
            </param>
            <param index="13">
              <value>
                <![CDATA[Error message displayed]]>
              </value>
            </param>
            <param index="14">
              <value>
                <![CDATA[Please Enter your 16 Digit Credit Card Number]]>
              </value>
            </param>
          </params>
          <reporter-output>
          </reporter-output>
        </test-method> <!-- bookTest -->
        <test-method is-config="true" signature="browserClose()[pri:0, instance:testCase.bookaHotelTest@59cba5a]" started-at="2024-11-27T18:12:30 IST" name="browserClose" finished-at="2024-11-27T18:12:32 IST" duration-ms="1700" status="PASS">
          <reporter-output>
          </reporter-output>
        </test-method> <!-- browserClose -->
        <test-method is-config="true" signature="launchAndLoadURL(java.lang.String,java.lang.String)[pri:0, instance:testCase.bookaHotelTest@59cba5a]" started-at="2024-11-27T18:12:32 IST" name="launchAndLoadURL" finished-at="2024-11-27T18:12:39 IST" duration-ms="7324" status="PASS">
          <params>
            <param index="0">
              <value>
                <![CDATA[browser]]>
              </value>
            </param>
            <param index="1">
              <value>
                <![CDATA[url]]>
              </value>
            </param>
          </params>
          <reporter-output>
          </reporter-output>
        </test-method> <!-- launchAndLoadURL -->
        <test-method signature="bookTest(java.lang.String,java.lang.String,java.lang.String,java.lang.String,java.lang.String,java.lang.String,java.lang.String,java.lang.String,java.lang.String,java.lang.String,java.lang.String,java.lang.String,java.lang.String,java.lang.String,java.lang.String)[pri:0, instance:testCase.bookaHotelTest@59cba5a]" started-at="2024-11-27T18:12:39 IST" name="bookTest" data-provider="excelRead" finished-at="2024-11-27T18:12:44 IST" duration-ms="4873" status="PASS">
          <params>
            <param index="0">
              <value>
                <![CDATA[TC_017]]>
              </value>
            </param>
            <param index="1">
              <value>
                <![CDATA[Validate Mandatory fields]]>
              </value>
            </param>
            <param index="2">
              <value>
                <![CDATA[Abirami20]]>
              </value>
            </param>
            <param index="3">
              <value>
                <![CDATA[S232323]]>
              </value>
            </param>
            <param index="4">
              <value>
                <![CDATA[Sydney]]>
              </value>
            </param>
            <param index="5">
              <value>
                <![CDATA[John]]>
              </value>
            </param>
            <param index="6">
              <value>
                <![CDATA[S]]>
              </value>
            </param>
            <param index="7">
              <value>
                <![CDATA[H-23, Wall Street, Syndey]]>
              </value>
            </param>
            <param index="8">
              <value>
                <![CDATA[1234567890123456]]>
              </value>
            </param>
            <param index="9">
              <value>
                <![CDATA[ ]]>
              </value>
            </param>
            <param index="10">
              <value>
                <![CDATA[1]]>
              </value>
            </param>
            <param index="11">
              <value>
                <![CDATA[2030]]>
              </value>
            </param>
            <param index="12">
              <value>
                <![CDATA[900]]>
              </value>
            </param>
            <param index="13">
              <value>
                <![CDATA[Error message displayed]]>
              </value>
            </param>
            <param index="14">
              <value>
                <![CDATA[Please Select your Credit Card Type]]>
              </value>
            </param>
          </params>
          <reporter-output>
          </reporter-output>
        </test-method> <!-- bookTest -->
        <test-method is-config="true" signature="browserClose()[pri:0, instance:testCase.bookaHotelTest@59cba5a]" started-at="2024-11-27T18:12:44 IST" name="browserClose" finished-at="2024-11-27T18:12:46 IST" duration-ms="1620" status="PASS">
          <reporter-output>
          </reporter-output>
        </test-method> <!-- browserClose -->
        <test-method is-config="true" signature="launchAndLoadURL(java.lang.String,java.lang.String)[pri:0, instance:testCase.bookaHotelTest@59cba5a]" started-at="2024-11-27T18:12:46 IST" name="launchAndLoadURL" finished-at="2024-11-27T18:12:53 IST" duration-ms="7190" status="PASS">
          <params>
            <param index="0">
              <value>
                <![CDATA[browser]]>
              </value>
            </param>
            <param index="1">
              <value>
                <![CDATA[url]]>
              </value>
            </param>
          </params>
          <reporter-output>
          </reporter-output>
        </test-method> <!-- launchAndLoadURL -->
        <test-method signature="bookTest(java.lang.String,java.lang.String,java.lang.String,java.lang.String,java.lang.String,java.lang.String,java.lang.String,java.lang.String,java.lang.String,java.lang.String,java.lang.String,java.lang.String,java.lang.String,java.lang.String,java.lang.String)[pri:0, instance:testCase.bookaHotelTest@59cba5a]" started-at="2024-11-27T18:12:53 IST" name="bookTest" data-provider="excelRead" finished-at="2024-11-27T18:12:58 IST" duration-ms="4967" status="PASS">
          <params>
            <param index="0">
              <value>
                <![CDATA[TC_018]]>
              </value>
            </param>
            <param index="1">
              <value>
                <![CDATA[Validate Mandatory fields]]>
              </value>
            </param>
            <param index="2">
              <value>
                <![CDATA[Abirami20]]>
              </value>
            </param>
            <param index="3">
              <value>
                <![CDATA[S232323]]>
              </value>
            </param>
            <param index="4">
              <value>
                <![CDATA[Sydney]]>
              </value>
            </param>
            <param index="5">
              <value>
                <![CDATA[John]]>
              </value>
            </param>
            <param index="6">
              <value>
                <![CDATA[S]]>
              </value>
            </param>
            <param index="7">
              <value>
                <![CDATA[H-23, Wall Street, Syndey]]>
              </value>
            </param>
            <param index="8">
              <value>
                <![CDATA[1234567890123456]]>
              </value>
            </param>
            <param index="9">
              <value>
                <![CDATA[VISA]]>
              </value>
            </param>
            <param index="10">
              <value>
                <![CDATA[ ]]>
              </value>
            </param>
            <param index="11">
              <value>
                <![CDATA[2030]]>
              </value>
            </param>
            <param index="12">
              <value>
                <![CDATA[900]]>
              </value>
            </param>
            <param index="13">
              <value>
                <![CDATA[Error message displayed]]>
              </value>
            </param>
            <param index="14">
              <value>
                <![CDATA[Please Select your Credit Card Expiry Month]]>
              </value>
            </param>
          </params>
          <reporter-output>
          </reporter-output>
        </test-method> <!-- bookTest -->
        <test-method is-config="true" signature="browserClose()[pri:0, instance:testCase.bookaHotelTest@59cba5a]" started-at="2024-11-27T18:12:58 IST" name="browserClose" finished-at="2024-11-27T18:13:00 IST" duration-ms="1895" status="PASS">
          <reporter-output>
          </reporter-output>
        </test-method> <!-- browserClose -->
        <test-method is-config="true" signature="launchAndLoadURL(java.lang.String,java.lang.String)[pri:0, instance:testCase.bookaHotelTest@59cba5a]" started-at="2024-11-27T18:13:00 IST" name="launchAndLoadURL" finished-at="2024-11-27T18:13:07 IST" duration-ms="7049" status="PASS">
          <params>
            <param index="0">
              <value>
                <![CDATA[browser]]>
              </value>
            </param>
            <param index="1">
              <value>
                <![CDATA[url]]>
              </value>
            </param>
          </params>
          <reporter-output>
          </reporter-output>
        </test-method> <!-- launchAndLoadURL -->
        <test-method signature="bookTest(java.lang.String,java.lang.String,java.lang.String,java.lang.String,java.lang.String,java.lang.String,java.lang.String,java.lang.String,java.lang.String,java.lang.String,java.lang.String,java.lang.String,java.lang.String,java.lang.String,java.lang.String)[pri:0, instance:testCase.bookaHotelTest@59cba5a]" started-at="2024-11-27T18:13:07 IST" name="bookTest" data-provider="excelRead" finished-at="2024-11-27T18:13:12 IST" duration-ms="4905" status="PASS">
          <params>
            <param index="0">
              <value>
                <![CDATA[TC_019]]>
              </value>
            </param>
            <param index="1">
              <value>
                <![CDATA[Validate Mandatory fields]]>
              </value>
            </param>
            <param index="2">
              <value>
                <![CDATA[Abirami20]]>
              </value>
            </param>
            <param index="3">
              <value>
                <![CDATA[S232323]]>
              </value>
            </param>
            <param index="4">
              <value>
                <![CDATA[Sydney]]>
              </value>
            </param>
            <param index="5">
              <value>
                <![CDATA[John]]>
              </value>
            </param>
            <param index="6">
              <value>
                <![CDATA[S]]>
              </value>
            </param>
            <param index="7">
              <value>
                <![CDATA[H-23, Wall Street, Syndey]]>
              </value>
            </param>
            <param index="8">
              <value>
                <![CDATA[1234567890123456]]>
              </value>
            </param>
            <param index="9">
              <value>
                <![CDATA[VISA]]>
              </value>
            </param>
            <param index="10">
              <value>
                <![CDATA[1]]>
              </value>
            </param>
            <param index="11">
              <value>
                <![CDATA[ ]]>
              </value>
            </param>
            <param index="12">
              <value>
                <![CDATA[900]]>
              </value>
            </param>
            <param index="13">
              <value>
                <![CDATA[Error message displayed]]>
              </value>
            </param>
            <param index="14">
              <value>
                <![CDATA[Please Select your Credit Card Expiry Year]]>
              </value>
            </param>
          </params>
          <reporter-output>
          </reporter-output>
        </test-method> <!-- bookTest -->
        <test-method is-config="true" signature="browserClose()[pri:0, instance:testCase.bookaHotelTest@59cba5a]" started-at="2024-11-27T18:13:12 IST" name="browserClose" finished-at="2024-11-27T18:13:14 IST" duration-ms="2039" status="PASS">
          <reporter-output>
          </reporter-output>
        </test-method> <!-- browserClose -->
        <test-method is-config="true" signature="launchAndLoadURL(java.lang.String,java.lang.String)[pri:0, instance:testCase.bookaHotelTest@59cba5a]" started-at="2024-11-27T18:13:14 IST" name="launchAndLoadURL" finished-at="2024-11-27T18:13:21 IST" duration-ms="7315" status="PASS">
          <params>
            <param index="0">
              <value>
                <![CDATA[browser]]>
              </value>
            </param>
            <param index="1">
              <value>
                <![CDATA[url]]>
              </value>
            </param>
          </params>
          <reporter-output>
          </reporter-output>
        </test-method> <!-- launchAndLoadURL -->
        <test-method signature="bookTest(java.lang.String,java.lang.String,java.lang.String,java.lang.String,java.lang.String,java.lang.String,java.lang.String,java.lang.String,java.lang.String,java.lang.String,java.lang.String,java.lang.String,java.lang.String,java.lang.String,java.lang.String)[pri:0, instance:testCase.bookaHotelTest@59cba5a]" started-at="2024-11-27T18:13:21 IST" name="bookTest" data-provider="excelRead" finished-at="2024-11-27T18:13:26 IST" duration-ms="5215" status="PASS">
          <params>
            <param index="0">
              <value>
                <![CDATA[TC_020]]>
              </value>
            </param>
            <param index="1">
              <value>
                <![CDATA[Validate Mandatory fields]]>
              </value>
            </param>
            <param index="2">
              <value>
                <![CDATA[Abirami20]]>
              </value>
            </param>
            <param index="3">
              <value>
                <![CDATA[S232323]]>
              </value>
            </param>
            <param index="4">
              <value>
                <![CDATA[Sydney]]>
              </value>
            </param>
            <param index="5">
              <value>
                <![CDATA[John]]>
              </value>
            </param>
            <param index="6">
              <value>
                <![CDATA[S]]>
              </value>
            </param>
            <param index="7">
              <value>
                <![CDATA[H-23, Wall Street, Syndey]]>
              </value>
            </param>
            <param index="8">
              <value>
                <![CDATA[1234567890123456]]>
              </value>
            </param>
            <param index="9">
              <value>
                <![CDATA[VISA]]>
              </value>
            </param>
            <param index="10">
              <value>
                <![CDATA[1]]>
              </value>
            </param>
            <param index="11">
              <value>
                <![CDATA[2030]]>
              </value>
            </param>
            <param index="12">
              <value>
                <![CDATA[ ]]>
              </value>
            </param>
            <param index="13">
              <value>
                <![CDATA[Error message displayed]]>
              </value>
            </param>
            <param index="14">
              <value>
                <![CDATA[Please Enter your Credit Card CVV Number]]>
              </value>
            </param>
          </params>
          <reporter-output>
          </reporter-output>
        </test-method> <!-- bookTest -->
        <test-method is-config="true" signature="browserClose()[pri:0, instance:testCase.bookaHotelTest@59cba5a]" started-at="2024-11-27T18:13:26 IST" name="browserClose" finished-at="2024-11-27T18:13:28 IST" duration-ms="1961" status="PASS">
          <reporter-output>
          </reporter-output>
        </test-method> <!-- browserClose -->
        <test-method is-config="true" signature="launchAndLoadURL(java.lang.String,java.lang.String)[pri:0, instance:testCase.bookaHotelTest@59cba5a]" started-at="2024-11-27T18:13:28 IST" name="launchAndLoadURL" finished-at="2024-11-27T18:13:35 IST" duration-ms="6633" status="PASS">
          <params>
            <param index="0">
              <value>
                <![CDATA[browser]]>
              </value>
            </param>
            <param index="1">
              <value>
                <![CDATA[url]]>
              </value>
            </param>
          </params>
          <reporter-output>
          </reporter-output>
        </test-method> <!-- launchAndLoadURL -->
        <test-method signature="bookTest(java.lang.String,java.lang.String,java.lang.String,java.lang.String,java.lang.String,java.lang.String,java.lang.String,java.lang.String,java.lang.String,java.lang.String,java.lang.String,java.lang.String,java.lang.String,java.lang.String,java.lang.String)[pri:0, instance:testCase.bookaHotelTest@59cba5a]" started-at="2024-11-27T18:13:35 IST" name="bookTest" data-provider="excelRead" finished-at="2024-11-27T18:13:40 IST" duration-ms="5209" status="PASS">
          <params>
            <param index="0">
              <value>
                <![CDATA[TC_021]]>
              </value>
            </param>
            <param index="1">
              <value>
                <![CDATA[Validate Card number]]>
              </value>
            </param>
            <param index="2">
              <value>
                <![CDATA[Abirami20]]>
              </value>
            </param>
            <param index="3">
              <value>
                <![CDATA[S232323]]>
              </value>
            </param>
            <param index="4">
              <value>
                <![CDATA[Sydney]]>
              </value>
            </param>
            <param index="5">
              <value>
                <![CDATA[John]]>
              </value>
            </param>
            <param index="6">
              <value>
                <![CDATA[S]]>
              </value>
            </param>
            <param index="7">
              <value>
                <![CDATA[H-23, Wall Street, Syndey]]>
              </value>
            </param>
            <param index="8">
              <value>
                <![CDATA[12345678901]]>
              </value>
            </param>
            <param index="9">
              <value>
                <![CDATA[VISA]]>
              </value>
            </param>
            <param index="10">
              <value>
                <![CDATA[1]]>
              </value>
            </param>
            <param index="11">
              <value>
                <![CDATA[2030]]>
              </value>
            </param>
            <param index="12">
              <value>
                <![CDATA[900]]>
              </value>
            </param>
            <param index="13">
              <value>
                <![CDATA[Error message displayed]]>
              </value>
            </param>
            <param index="14">
              <value>
                <![CDATA[Please Enter your 16 Digit Credit Card Number]]>
              </value>
            </param>
          </params>
          <reporter-output>
          </reporter-output>
        </test-method> <!-- bookTest -->
        <test-method is-config="true" signature="browserClose()[pri:0, instance:testCase.bookaHotelTest@59cba5a]" started-at="2024-11-27T18:13:40 IST" name="browserClose" finished-at="2024-11-27T18:13:42 IST" duration-ms="1813" status="PASS">
          <reporter-output>
          </reporter-output>
        </test-method> <!-- browserClose -->
        <test-method is-config="true" signature="launchAndLoadURL(java.lang.String,java.lang.String)[pri:0, instance:testCase.bookaHotelTest@59cba5a]" started-at="2024-11-27T18:13:42 IST" name="launchAndLoadURL" finished-at="2024-11-27T18:13:49 IST" duration-ms="6702" status="PASS">
          <params>
            <param index="0">
              <value>
                <![CDATA[browser]]>
              </value>
            </param>
            <param index="1">
              <value>
                <![CDATA[url]]>
              </value>
            </param>
          </params>
          <reporter-output>
          </reporter-output>
        </test-method> <!-- launchAndLoadURL -->
        <test-method signature="bookTest(java.lang.String,java.lang.String,java.lang.String,java.lang.String,java.lang.String,java.lang.String,java.lang.String,java.lang.String,java.lang.String,java.lang.String,java.lang.String,java.lang.String,java.lang.String,java.lang.String,java.lang.String)[pri:0, instance:testCase.bookaHotelTest@59cba5a]" started-at="2024-11-27T18:13:49 IST" name="bookTest" data-provider="excelRead" finished-at="2024-11-27T18:13:54 IST" duration-ms="4966" status="PASS">
          <params>
            <param index="0">
              <value>
                <![CDATA[TC_022]]>
              </value>
            </param>
            <param index="1">
              <value>
                <![CDATA[Validate Expiry date]]>
              </value>
            </param>
            <param index="2">
              <value>
                <![CDATA[Abirami20]]>
              </value>
            </param>
            <param index="3">
              <value>
                <![CDATA[S232323]]>
              </value>
            </param>
            <param index="4">
              <value>
                <![CDATA[Sydney]]>
              </value>
            </param>
            <param index="5">
              <value>
                <![CDATA[John]]>
              </value>
            </param>
            <param index="6">
              <value>
                <![CDATA[S]]>
              </value>
            </param>
            <param index="7">
              <value>
                <![CDATA[H-23, Wall Street, Syndey]]>
              </value>
            </param>
            <param index="8">
              <value>
                <![CDATA[1234567890123456]]>
              </value>
            </param>
            <param index="9">
              <value>
                <![CDATA[VISA]]>
              </value>
            </param>
            <param index="10">
              <value>
                <![CDATA[1]]>
              </value>
            </param>
            <param index="11">
              <value>
                <![CDATA[2013]]>
              </value>
            </param>
            <param index="12">
              <value>
                <![CDATA[900]]>
              </value>
            </param>
            <param index="13">
              <value>
                <![CDATA[Error message not displayed]]>
              </value>
            </param>
            <param index="14">
              <value>
                <![CDATA[Expiry date is in past]]>
              </value>
            </param>
          </params>
          <reporter-output>
          </reporter-output>
        </test-method> <!-- bookTest -->
        <test-method is-config="true" signature="browserClose()[pri:0, instance:testCase.bookaHotelTest@59cba5a]" started-at="2024-11-27T18:13:54 IST" name="browserClose" finished-at="2024-11-27T18:13:55 IST" duration-ms="1660" status="PASS">
          <reporter-output>
          </reporter-output>
        </test-method> <!-- browserClose -->
        <test-method is-config="true" signature="launchAndLoadURL(java.lang.String,java.lang.String)[pri:0, instance:testCase.bookaHotelTest@59cba5a]" started-at="2024-11-27T18:13:55 IST" name="launchAndLoadURL" finished-at="2024-11-27T18:14:02 IST" duration-ms="7078" status="PASS">
          <params>
            <param index="0">
              <value>
                <![CDATA[browser]]>
              </value>
            </param>
            <param index="1">
              <value>
                <![CDATA[url]]>
              </value>
            </param>
          </params>
          <reporter-output>
          </reporter-output>
        </test-method> <!-- launchAndLoadURL -->
        <test-method signature="bookTest(java.lang.String,java.lang.String,java.lang.String,java.lang.String,java.lang.String,java.lang.String,java.lang.String,java.lang.String,java.lang.String,java.lang.String,java.lang.String,java.lang.String,java.lang.String,java.lang.String,java.lang.String)[pri:0, instance:testCase.bookaHotelTest@59cba5a]" started-at="2024-11-27T18:14:02 IST" name="bookTest" data-provider="excelRead" finished-at="2024-11-27T18:14:13 IST" duration-ms="10376" status="PASS">
          <params>
            <param index="0">
              <value>
                <![CDATA[TC_023]]>
              </value>
            </param>
            <param index="1">
              <value>
                <![CDATA[Booking scenario]]>
              </value>
            </param>
            <param index="2">
              <value>
                <![CDATA[Abirami20]]>
              </value>
            </param>
            <param index="3">
              <value>
                <![CDATA[S232323]]>
              </value>
            </param>
            <param index="4">
              <value>
                <![CDATA[Sydney]]>
              </value>
            </param>
            <param index="5">
              <value>
                <![CDATA[John]]>
              </value>
            </param>
            <param index="6">
              <value>
                <![CDATA[S]]>
              </value>
            </param>
            <param index="7">
              <value>
                <![CDATA[H-23, Wall Street, Syndey]]>
              </value>
            </param>
            <param index="8">
              <value>
                <![CDATA[1234567890123456]]>
              </value>
            </param>
            <param index="9">
              <value>
                <![CDATA[VISA]]>
              </value>
            </param>
            <param index="10">
              <value>
                <![CDATA[1]]>
              </value>
            </param>
            <param index="11">
              <value>
                <![CDATA[2030]]>
              </value>
            </param>
            <param index="12">
              <value>
                <![CDATA[900]]>
              </value>
            </param>
            <param index="13">
              <value>
                <![CDATA[Order number generated]]>
              </value>
            </param>
            <param index="14">
              <value>
                <![CDATA[ ]]>
              </value>
            </param>
          </params>
          <reporter-output>
          </reporter-output>
        </test-method> <!-- bookTest -->
        <test-method is-config="true" signature="browserClose()[pri:0, instance:testCase.bookaHotelTest@59cba5a]" started-at="2024-11-27T18:14:13 IST" name="browserClose" finished-at="2024-11-27T18:14:14 IST" duration-ms="1357" status="PASS">
          <reporter-output>
          </reporter-output>
        </test-method> <!-- browserClose -->
        <test-method is-config="true" signature="launchAndLoadURL(java.lang.String,java.lang.String)[pri:0, instance:testCase.bookaHotelTest@59cba5a]" started-at="2024-11-27T18:14:14 IST" name="launchAndLoadURL" finished-at="2024-11-27T18:14:20 IST" duration-ms="5850" status="PASS">
          <params>
            <param index="0">
              <value>
                <![CDATA[browser]]>
              </value>
            </param>
            <param index="1">
              <value>
                <![CDATA[url]]>
              </value>
            </param>
          </params>
          <reporter-output>
          </reporter-output>
        </test-method> <!-- launchAndLoadURL -->
        <test-method signature="bookTest(java.lang.String,java.lang.String,java.lang.String,java.lang.String,java.lang.String,java.lang.String,java.lang.String,java.lang.String,java.lang.String,java.lang.String,java.lang.String,java.lang.String,java.lang.String,java.lang.String,java.lang.String)[pri:0, instance:testCase.bookaHotelTest@59cba5a]" started-at="2024-11-27T18:14:20 IST" name="bookTest" data-provider="excelRead" finished-at="2024-11-27T18:14:25 IST" duration-ms="4772" status="PASS">
          <params>
            <param index="0">
              <value>
                <![CDATA[TC_024]]>
              </value>
            </param>
            <param index="1">
              <value>
                <![CDATA[Validate booked data]]>
              </value>
            </param>
            <param index="2">
              <value>
                <![CDATA[Abirami20]]>
              </value>
            </param>
            <param index="3">
              <value>
                <![CDATA[S232323]]>
              </value>
            </param>
            <param index="4">
              <value>
                <![CDATA[Sydney]]>
              </value>
            </param>
            <param index="5">
              <value>
                <![CDATA[John]]>
              </value>
            </param>
            <param index="6">
              <value>
                <![CDATA[S]]>
              </value>
            </param>
            <param index="7">
              <value>
                <![CDATA[H-23, Wall Street, Syndey]]>
              </value>
            </param>
            <param index="8">
              <value>
                <![CDATA[1234567890123456]]>
              </value>
            </param>
            <param index="9">
              <value>
                <![CDATA[VISA]]>
              </value>
            </param>
            <param index="10">
              <value>
                <![CDATA[1]]>
              </value>
            </param>
            <param index="11">
              <value>
                <![CDATA[2030]]>
              </value>
            </param>
            <param index="12">
              <value>
                <![CDATA[900]]>
              </value>
            </param>
            <param index="13">
              <value>
                <![CDATA[Second name not displayed]]>
              </value>
            </param>
            <param index="14">
              <value>
                <![CDATA[S]]>
              </value>
            </param>
          </params>
          <reporter-output>
          </reporter-output>
        </test-method> <!-- bookTest -->
        <test-method is-config="true" signature="browserClose()[pri:0, instance:testCase.bookaHotelTest@59cba5a]" started-at="2024-11-27T18:14:25 IST" name="browserClose" finished-at="2024-11-27T18:14:26 IST" duration-ms="1687" status="PASS">
          <reporter-output>
          </reporter-output>
        </test-method> <!-- browserClose -->
      </class> <!-- testCase.bookaHotelTest -->
      <class name="testCase.searchHotelTest">
        <test-method is-config="true" signature="config()[pri:0, instance:testCase.searchHotelTest@4397ad89]" started-at="2024-11-27T18:08:25 IST" name="config" finished-at="2024-11-27T18:08:25 IST" duration-ms="1" status="PASS">
          <reporter-output>
          </reporter-output>
        </test-method> <!-- config -->
        <test-method is-config="true" signature="testDetails()[pri:0, instance:testCase.searchHotelTest@4397ad89]" started-at="2024-11-27T18:08:58 IST" name="testDetails" finished-at="2024-11-27T18:08:58 IST" duration-ms="1" status="PASS">
          <reporter-output>
          </reporter-output>
        </test-method> <!-- testDetails -->
        <test-method is-config="true" signature="launchAndLoadURL(java.lang.String,java.lang.String)[pri:0, instance:testCase.searchHotelTest@4397ad89]" started-at="2024-11-27T18:08:59 IST" name="launchAndLoadURL" finished-at="2024-11-27T18:09:06 IST" duration-ms="7537" status="PASS">
          <params>
            <param index="0">
              <value>
                <![CDATA[browser]]>
              </value>
            </param>
            <param index="1">
              <value>
                <![CDATA[url]]>
              </value>
            </param>
          </params>
          <reporter-output>
          </reporter-output>
        </test-method> <!-- launchAndLoadURL -->
        <test-method signature="searchTest(java.lang.String,java.lang.String,java.lang.String,java.lang.String,java.lang.String,java.lang.String,java.lang.String,java.lang.String,java.lang.String,java.lang.String,java.lang.String,java.lang.String,java.lang.String,java.lang.String)[pri:0, instance:testCase.searchHotelTest@4397ad89]" started-at="2024-11-27T18:09:06 IST" name="searchTest" data-provider="excelRead" finished-at="2024-11-27T18:09:10 IST" duration-ms="4203" status="PASS">
          <params>
            <param index="0">
              <value>
                <![CDATA[TC_003]]>
              </value>
            </param>
            <param index="1">
              <value>
                <![CDATA[Validate Mandatory fields]]>
              </value>
            </param>
            <param index="2">
              <value>
                <![CDATA[Abirami20]]>
              </value>
            </param>
            <param index="3">
              <value>
                <![CDATA[S232323]]>
              </value>
            </param>
            <param index="4">
              <value>
                <![CDATA[ ]]>
              </value>
            </param>
            <param index="5">
              <value>
                <![CDATA[Hotel Creek]]>
              </value>
            </param>
            <param index="6">
              <value>
                <![CDATA[Standard]]>
              </value>
            </param>
            <param index="7">
              <value>
                <![CDATA[1]]>
              </value>
            </param>
            <param index="8">
              <value>
                <![CDATA[15-12-2024]]>
              </value>
            </param>
            <param index="9">
              <value>
                <![CDATA[16-12-2024]]>
              </value>
            </param>
            <param index="10">
              <value>
                <![CDATA[1]]>
              </value>
            </param>
            <param index="11">
              <value>
                <![CDATA[0]]>
              </value>
            </param>
            <param index="12">
              <value>
                <![CDATA[Error message displayed]]>
              </value>
            </param>
            <param index="13">
              <value>
                <![CDATA[Please Select a Location]]>
              </value>
            </param>
          </params>
          <reporter-output>
          </reporter-output>
        </test-method> <!-- searchTest -->
        <test-method is-config="true" signature="browserClose()[pri:0, instance:testCase.searchHotelTest@4397ad89]" started-at="2024-11-27T18:09:10 IST" name="browserClose" finished-at="2024-11-27T18:09:12 IST" duration-ms="1476" status="PASS">
          <reporter-output>
          </reporter-output>
        </test-method> <!-- browserClose -->
        <test-method is-config="true" signature="launchAndLoadURL(java.lang.String,java.lang.String)[pri:0, instance:testCase.searchHotelTest@4397ad89]" started-at="2024-11-27T18:09:12 IST" name="launchAndLoadURL" finished-at="2024-11-27T18:09:19 IST" duration-ms="7434" status="PASS">
          <params>
            <param index="0">
              <value>
                <![CDATA[browser]]>
              </value>
            </param>
            <param index="1">
              <value>
                <![CDATA[url]]>
              </value>
            </param>
          </params>
          <reporter-output>
          </reporter-output>
        </test-method> <!-- launchAndLoadURL -->
        <test-method signature="searchTest(java.lang.String,java.lang.String,java.lang.String,java.lang.String,java.lang.String,java.lang.String,java.lang.String,java.lang.String,java.lang.String,java.lang.String,java.lang.String,java.lang.String,java.lang.String,java.lang.String)[pri:0, instance:testCase.searchHotelTest@4397ad89]" started-at="2024-11-27T18:09:19 IST" name="searchTest" data-provider="excelRead" finished-at="2024-11-27T18:09:24 IST" duration-ms="4699" status="PASS">
          <params>
            <param index="0">
              <value>
                <![CDATA[TC_004]]>
              </value>
            </param>
            <param index="1">
              <value>
                <![CDATA[Validate Mandatory fields]]>
              </value>
            </param>
            <param index="2">
              <value>
                <![CDATA[Abirami20]]>
              </value>
            </param>
            <param index="3">
              <value>
                <![CDATA[S232323]]>
              </value>
            </param>
            <param index="4">
              <value>
                <![CDATA[Sydney]]>
              </value>
            </param>
            <param index="5">
              <value>
                <![CDATA[Hotel Creek]]>
              </value>
            </param>
            <param index="6">
              <value>
                <![CDATA[Standard]]>
              </value>
            </param>
            <param index="7">
              <value>
                <![CDATA[ ]]>
              </value>
            </param>
            <param index="8">
              <value>
                <![CDATA[15-12-2024]]>
              </value>
            </param>
            <param index="9">
              <value>
                <![CDATA[16-12-2024]]>
              </value>
            </param>
            <param index="10">
              <value>
                <![CDATA[1]]>
              </value>
            </param>
            <param index="11">
              <value>
                <![CDATA[0]]>
              </value>
            </param>
            <param index="12">
              <value>
                <![CDATA[Error message displayed]]>
              </value>
            </param>
            <param index="13">
              <value>
                <![CDATA[Please Select Total Number of Rooms]]>
              </value>
            </param>
          </params>
          <reporter-output>
          </reporter-output>
        </test-method> <!-- searchTest -->
        <test-method is-config="true" signature="browserClose()[pri:0, instance:testCase.searchHotelTest@4397ad89]" started-at="2024-11-27T18:09:24 IST" name="browserClose" finished-at="2024-11-27T18:09:26 IST" duration-ms="1875" status="PASS">
          <reporter-output>
          </reporter-output>
        </test-method> <!-- browserClose -->
        <test-method is-config="true" signature="launchAndLoadURL(java.lang.String,java.lang.String)[pri:0, instance:testCase.searchHotelTest@4397ad89]" started-at="2024-11-27T18:09:26 IST" name="launchAndLoadURL" finished-at="2024-11-27T18:09:33 IST" duration-ms="7492" status="PASS">
          <params>
            <param index="0">
              <value>
                <![CDATA[browser]]>
              </value>
            </param>
            <param index="1">
              <value>
                <![CDATA[url]]>
              </value>
            </param>
          </params>
          <reporter-output>
          </reporter-output>
        </test-method> <!-- launchAndLoadURL -->
        <test-method signature="searchTest(java.lang.String,java.lang.String,java.lang.String,java.lang.String,java.lang.String,java.lang.String,java.lang.String,java.lang.String,java.lang.String,java.lang.String,java.lang.String,java.lang.String,java.lang.String,java.lang.String)[pri:0, instance:testCase.searchHotelTest@4397ad89]" started-at="2024-11-27T18:09:33 IST" name="searchTest" data-provider="excelRead" finished-at="2024-11-27T18:09:37 IST" duration-ms="3947" status="PASS">
          <params>
            <param index="0">
              <value>
                <![CDATA[TC_005]]>
              </value>
            </param>
            <param index="1">
              <value>
                <![CDATA[Validate Mandatory fields]]>
              </value>
            </param>
            <param index="2">
              <value>
                <![CDATA[Abirami20]]>
              </value>
            </param>
            <param index="3">
              <value>
                <![CDATA[S232323]]>
              </value>
            </param>
            <param index="4">
              <value>
                <![CDATA[Sydney]]>
              </value>
            </param>
            <param index="5">
              <value>
                <![CDATA[Hotel Creek]]>
              </value>
            </param>
            <param index="6">
              <value>
                <![CDATA[Standard]]>
              </value>
            </param>
            <param index="7">
              <value>
                <![CDATA[1]]>
              </value>
            </param>
            <param index="8">
              <value>
                <![CDATA[ ]]>
              </value>
            </param>
            <param index="9">
              <value>
                <![CDATA[16-12-2024]]>
              </value>
            </param>
            <param index="10">
              <value>
                <![CDATA[1]]>
              </value>
            </param>
            <param index="11">
              <value>
                <![CDATA[0]]>
              </value>
            </param>
            <param index="12">
              <value>
                <![CDATA[Error message displayed]]>
              </value>
            </param>
            <param index="13">
              <value>
                <![CDATA[Please Select Check-In Date]]>
              </value>
            </param>
          </params>
          <reporter-output>
          </reporter-output>
        </test-method> <!-- searchTest -->
        <test-method is-config="true" signature="browserClose()[pri:0, instance:testCase.searchHotelTest@4397ad89]" started-at="2024-11-27T18:09:37 IST" name="browserClose" finished-at="2024-11-27T18:09:39 IST" duration-ms="1770" status="PASS">
          <reporter-output>
          </reporter-output>
        </test-method> <!-- browserClose -->
        <test-method is-config="true" signature="launchAndLoadURL(java.lang.String,java.lang.String)[pri:0, instance:testCase.searchHotelTest@4397ad89]" started-at="2024-11-27T18:09:39 IST" name="launchAndLoadURL" finished-at="2024-11-27T18:09:48 IST" duration-ms="8473" status="PASS">
          <params>
            <param index="0">
              <value>
                <![CDATA[browser]]>
              </value>
            </param>
            <param index="1">
              <value>
                <![CDATA[url]]>
              </value>
            </param>
          </params>
          <reporter-output>
          </reporter-output>
        </test-method> <!-- launchAndLoadURL -->
        <test-method signature="searchTest(java.lang.String,java.lang.String,java.lang.String,java.lang.String,java.lang.String,java.lang.String,java.lang.String,java.lang.String,java.lang.String,java.lang.String,java.lang.String,java.lang.String,java.lang.String,java.lang.String)[pri:0, instance:testCase.searchHotelTest@4397ad89]" started-at="2024-11-27T18:09:48 IST" name="searchTest" data-provider="excelRead" finished-at="2024-11-27T18:09:52 IST" duration-ms="4789" status="PASS">
          <params>
            <param index="0">
              <value>
                <![CDATA[TC_006]]>
              </value>
            </param>
            <param index="1">
              <value>
                <![CDATA[Validate Mandatory fields]]>
              </value>
            </param>
            <param index="2">
              <value>
                <![CDATA[Abirami20]]>
              </value>
            </param>
            <param index="3">
              <value>
                <![CDATA[S232323]]>
              </value>
            </param>
            <param index="4">
              <value>
                <![CDATA[Sydney]]>
              </value>
            </param>
            <param index="5">
              <value>
                <![CDATA[Hotel Creek]]>
              </value>
            </param>
            <param index="6">
              <value>
                <![CDATA[Standard]]>
              </value>
            </param>
            <param index="7">
              <value>
                <![CDATA[1]]>
              </value>
            </param>
            <param index="8">
              <value>
                <![CDATA[15-12-2024]]>
              </value>
            </param>
            <param index="9">
              <value>
                <![CDATA[ ]]>
              </value>
            </param>
            <param index="10">
              <value>
                <![CDATA[1]]>
              </value>
            </param>
            <param index="11">
              <value>
                <![CDATA[0]]>
              </value>
            </param>
            <param index="12">
              <value>
                <![CDATA[Error message displayed]]>
              </value>
            </param>
            <param index="13">
              <value>
                <![CDATA[Please Select Check-Out Date]]>
              </value>
            </param>
          </params>
          <reporter-output>
          </reporter-output>
        </test-method> <!-- searchTest -->
        <test-method is-config="true" signature="browserClose()[pri:0, instance:testCase.searchHotelTest@4397ad89]" started-at="2024-11-27T18:09:52 IST" name="browserClose" finished-at="2024-11-27T18:09:55 IST" duration-ms="2118" status="PASS">
          <reporter-output>
          </reporter-output>
        </test-method> <!-- browserClose -->
        <test-method is-config="true" signature="launchAndLoadURL(java.lang.String,java.lang.String)[pri:0, instance:testCase.searchHotelTest@4397ad89]" started-at="2024-11-27T18:09:55 IST" name="launchAndLoadURL" finished-at="2024-11-27T18:10:02 IST" duration-ms="7616" status="PASS">
          <params>
            <param index="0">
              <value>
                <![CDATA[browser]]>
              </value>
            </param>
            <param index="1">
              <value>
                <![CDATA[url]]>
              </value>
            </param>
          </params>
          <reporter-output>
          </reporter-output>
        </test-method> <!-- launchAndLoadURL -->
        <test-method signature="searchTest(java.lang.String,java.lang.String,java.lang.String,java.lang.String,java.lang.String,java.lang.String,java.lang.String,java.lang.String,java.lang.String,java.lang.String,java.lang.String,java.lang.String,java.lang.String,java.lang.String)[pri:0, instance:testCase.searchHotelTest@4397ad89]" started-at="2024-11-27T18:10:02 IST" name="searchTest" data-provider="excelRead" finished-at="2024-11-27T18:10:07 IST" duration-ms="4484" status="PASS">
          <params>
            <param index="0">
              <value>
                <![CDATA[TC_007]]>
              </value>
            </param>
            <param index="1">
              <value>
                <![CDATA[Validate Mandatory fields]]>
              </value>
            </param>
            <param index="2">
              <value>
                <![CDATA[Abirami20]]>
              </value>
            </param>
            <param index="3">
              <value>
                <![CDATA[S232323]]>
              </value>
            </param>
            <param index="4">
              <value>
                <![CDATA[Sydney]]>
              </value>
            </param>
            <param index="5">
              <value>
                <![CDATA[Hotel Creek]]>
              </value>
            </param>
            <param index="6">
              <value>
                <![CDATA[Standard]]>
              </value>
            </param>
            <param index="7">
              <value>
                <![CDATA[1]]>
              </value>
            </param>
            <param index="8">
              <value>
                <![CDATA[15-12-2024]]>
              </value>
            </param>
            <param index="9">
              <value>
                <![CDATA[16-12-2024]]>
              </value>
            </param>
            <param index="10">
              <value>
                <![CDATA[ ]]>
              </value>
            </param>
            <param index="11">
              <value>
                <![CDATA[0]]>
              </value>
            </param>
            <param index="12">
              <value>
                <![CDATA[Error message displayed]]>
              </value>
            </param>
            <param index="13">
              <value>
                <![CDATA[Please Select Adults per Room]]>
              </value>
            </param>
          </params>
          <reporter-output>
          </reporter-output>
        </test-method> <!-- searchTest -->
        <test-method is-config="true" signature="browserClose()[pri:0, instance:testCase.searchHotelTest@4397ad89]" started-at="2024-11-27T18:10:07 IST" name="browserClose" finished-at="2024-11-27T18:10:08 IST" duration-ms="1833" status="PASS">
          <reporter-output>
          </reporter-output>
        </test-method> <!-- browserClose -->
        <test-method is-config="true" signature="launchAndLoadURL(java.lang.String,java.lang.String)[pri:0, instance:testCase.searchHotelTest@4397ad89]" started-at="2024-11-27T18:10:08 IST" name="launchAndLoadURL" finished-at="2024-11-27T18:10:16 IST" duration-ms="7692" status="PASS">
          <params>
            <param index="0">
              <value>
                <![CDATA[browser]]>
              </value>
            </param>
            <param index="1">
              <value>
                <![CDATA[url]]>
              </value>
            </param>
          </params>
          <reporter-output>
          </reporter-output>
        </test-method> <!-- launchAndLoadURL -->
        <test-method signature="searchTest(java.lang.String,java.lang.String,java.lang.String,java.lang.String,java.lang.String,java.lang.String,java.lang.String,java.lang.String,java.lang.String,java.lang.String,java.lang.String,java.lang.String,java.lang.String,java.lang.String)[pri:0, instance:testCase.searchHotelTest@4397ad89]" started-at="2024-11-27T18:10:16 IST" name="searchTest" data-provider="excelRead" finished-at="2024-11-27T18:10:45 IST" duration-ms="29349" status="PASS">
          <params>
            <param index="0">
              <value>
                <![CDATA[TC_008]]>
              </value>
            </param>
            <param index="1">
              <value>
                <![CDATA[Validate inputs]]>
              </value>
            </param>
            <param index="2">
              <value>
                <![CDATA[Abirami20]]>
              </value>
            </param>
            <param index="3">
              <value>
                <![CDATA[S232323]]>
              </value>
            </param>
            <param index="4">
              <value>
                <![CDATA[Sydney]]>
              </value>
            </param>
            <param index="5">
              <value>
                <![CDATA[Hotel Creek]]>
              </value>
            </param>
            <param index="6">
              <value>
                <![CDATA[Standard]]>
              </value>
            </param>
            <param index="7">
              <value>
                <![CDATA[1]]>
              </value>
            </param>
            <param index="8">
              <value>
                <![CDATA[abcd]]>
              </value>
            </param>
            <param index="9">
              <value>
                <![CDATA[abcd]]>
              </value>
            </param>
            <param index="10">
              <value>
                <![CDATA[1]]>
              </value>
            </param>
            <param index="11">
              <value>
                <![CDATA[0]]>
              </value>
            </param>
            <param index="12">
              <value>
                <![CDATA[Error message not displayed]]>
              </value>
            </param>
            <param index="13">
              <value>
                <![CDATA[Invalid date]]>
              </value>
            </param>
          </params>
          <reporter-output>
          </reporter-output>
        </test-method> <!-- searchTest -->
        <test-method is-config="true" signature="browserClose()[pri:0, instance:testCase.searchHotelTest@4397ad89]" started-at="2024-11-27T18:10:45 IST" name="browserClose" finished-at="2024-11-27T18:10:47 IST" duration-ms="1355" status="PASS">
          <reporter-output>
          </reporter-output>
        </test-method> <!-- browserClose -->
        <test-method is-config="true" signature="launchAndLoadURL(java.lang.String,java.lang.String)[pri:0, instance:testCase.searchHotelTest@4397ad89]" started-at="2024-11-27T18:10:47 IST" name="launchAndLoadURL" finished-at="2024-11-27T18:10:53 IST" duration-ms="6367" status="PASS">
          <params>
            <param index="0">
              <value>
                <![CDATA[browser]]>
              </value>
            </param>
            <param index="1">
              <value>
                <![CDATA[url]]>
              </value>
            </param>
          </params>
          <reporter-output>
          </reporter-output>
        </test-method> <!-- launchAndLoadURL -->
        <test-method signature="searchTest(java.lang.String,java.lang.String,java.lang.String,java.lang.String,java.lang.String,java.lang.String,java.lang.String,java.lang.String,java.lang.String,java.lang.String,java.lang.String,java.lang.String,java.lang.String,java.lang.String)[pri:0, instance:testCase.searchHotelTest@4397ad89]" started-at="2024-11-27T18:10:53 IST" name="searchTest" data-provider="excelRead" finished-at="2024-11-27T18:10:57 IST" duration-ms="3663" status="PASS">
          <params>
            <param index="0">
              <value>
                <![CDATA[TC_009]]>
              </value>
            </param>
            <param index="1">
              <value>
                <![CDATA[Validate inputs]]>
              </value>
            </param>
            <param index="2">
              <value>
                <![CDATA[Abirami20]]>
              </value>
            </param>
            <param index="3">
              <value>
                <![CDATA[S232323]]>
              </value>
            </param>
            <param index="4">
              <value>
                <![CDATA[Sydney]]>
              </value>
            </param>
            <param index="5">
              <value>
                <![CDATA[Hotel Creek]]>
              </value>
            </param>
            <param index="6">
              <value>
                <![CDATA[Standard]]>
              </value>
            </param>
            <param index="7">
              <value>
                <![CDATA[1]]>
              </value>
            </param>
            <param index="8">
              <value>
                <![CDATA[17-12-2024]]>
              </value>
            </param>
            <param index="9">
              <value>
                <![CDATA[16-12-2024]]>
              </value>
            </param>
            <param index="10">
              <value>
                <![CDATA[1]]>
              </value>
            </param>
            <param index="11">
              <value>
                <![CDATA[0]]>
              </value>
            </param>
            <param index="12">
              <value>
                <![CDATA[Error message displayed]]>
              </value>
            </param>
            <param index="13">
              <value>
                <![CDATA[Check-In Date shall be before than Check-Out Date]]>
              </value>
            </param>
          </params>
          <reporter-output>
          </reporter-output>
        </test-method> <!-- searchTest -->
        <test-method is-config="true" signature="browserClose()[pri:0, instance:testCase.searchHotelTest@4397ad89]" started-at="2024-11-27T18:10:57 IST" name="browserClose" finished-at="2024-11-27T18:10:58 IST" duration-ms="1518" status="PASS">
          <reporter-output>
          </reporter-output>
        </test-method> <!-- browserClose -->
        <test-method is-config="true" signature="launchAndLoadURL(java.lang.String,java.lang.String)[pri:0, instance:testCase.searchHotelTest@4397ad89]" started-at="2024-11-27T18:10:58 IST" name="launchAndLoadURL" finished-at="2024-11-27T18:11:05 IST" duration-ms="7087" status="PASS">
          <params>
            <param index="0">
              <value>
                <![CDATA[browser]]>
              </value>
            </param>
            <param index="1">
              <value>
                <![CDATA[url]]>
              </value>
            </param>
          </params>
          <reporter-output>
          </reporter-output>
        </test-method> <!-- launchAndLoadURL -->
        <test-method signature="searchTest(java.lang.String,java.lang.String,java.lang.String,java.lang.String,java.lang.String,java.lang.String,java.lang.String,java.lang.String,java.lang.String,java.lang.String,java.lang.String,java.lang.String,java.lang.String,java.lang.String)[pri:0, instance:testCase.searchHotelTest@4397ad89]" started-at="2024-11-27T18:11:05 IST" name="searchTest" data-provider="excelRead" finished-at="2024-11-27T18:11:09 IST" duration-ms="3673" status="PASS">
          <params>
            <param index="0">
              <value>
                <![CDATA[TC_010]]>
              </value>
            </param>
            <param index="1">
              <value>
                <![CDATA[Search Hotels]]>
              </value>
            </param>
            <param index="2">
              <value>
                <![CDATA[Abirami20]]>
              </value>
            </param>
            <param index="3">
              <value>
                <![CDATA[S232323]]>
              </value>
            </param>
            <param index="4">
              <value>
                <![CDATA[Sydney]]>
              </value>
            </param>
            <param index="5">
              <value>
                <![CDATA[ ]]>
              </value>
            </param>
            <param index="6">
              <value>
                <![CDATA[ ]]>
              </value>
            </param>
            <param index="7">
              <value>
                <![CDATA[1]]>
              </value>
            </param>
            <param index="8">
              <value>
                <![CDATA[15-12-2024]]>
              </value>
            </param>
            <param index="9">
              <value>
                <![CDATA[16-12-2024]]>
              </value>
            </param>
            <param index="10">
              <value>
                <![CDATA[1]]>
              </value>
            </param>
            <param index="11">
              <value>
                <![CDATA[0]]>
              </value>
            </param>
            <param index="12">
              <value>
                <![CDATA[Search results displayed]]>
              </value>
            </param>
            <param index="13">
              <value>
                <![CDATA[Adactin.com - Select Hotel]]>
              </value>
            </param>
          </params>
          <reporter-output>
          </reporter-output>
        </test-method> <!-- searchTest -->
        <test-method is-config="true" signature="browserClose()[pri:0, instance:testCase.searchHotelTest@4397ad89]" started-at="2024-11-27T18:11:09 IST" name="browserClose" finished-at="2024-11-27T18:11:11 IST" duration-ms="1507" status="PASS">
          <reporter-output>
          </reporter-output>
        </test-method> <!-- browserClose -->
        <test-method is-config="true" signature="launchAndLoadURL(java.lang.String,java.lang.String)[pri:0, instance:testCase.searchHotelTest@4397ad89]" started-at="2024-11-27T18:11:11 IST" name="launchAndLoadURL" finished-at="2024-11-27T18:11:18 IST" duration-ms="7121" status="PASS">
          <params>
            <param index="0">
              <value>
                <![CDATA[browser]]>
              </value>
            </param>
            <param index="1">
              <value>
                <![CDATA[url]]>
              </value>
            </param>
          </params>
          <reporter-output>
          </reporter-output>
        </test-method> <!-- launchAndLoadURL -->
        <test-method signature="searchTest(java.lang.String,java.lang.String,java.lang.String,java.lang.String,java.lang.String,java.lang.String,java.lang.String,java.lang.String,java.lang.String,java.lang.String,java.lang.String,java.lang.String,java.lang.String,java.lang.String)[pri:0, instance:testCase.searchHotelTest@4397ad89]" started-at="2024-11-27T18:11:18 IST" name="searchTest" data-provider="excelRead" finished-at="2024-11-27T18:11:21 IST" duration-ms="3617" status="PASS">
          <params>
            <param index="0">
              <value>
                <![CDATA[TC_011]]>
              </value>
            </param>
            <param index="1">
              <value>
                <![CDATA[Search Hotels]]>
              </value>
            </param>
            <param index="2">
              <value>
                <![CDATA[Abirami20]]>
              </value>
            </param>
            <param index="3">
              <value>
                <![CDATA[S232323]]>
              </value>
            </param>
            <param index="4">
              <value>
                <![CDATA[Sydney]]>
              </value>
            </param>
            <param index="5">
              <value>
                <![CDATA[Hotel Creek]]>
              </value>
            </param>
            <param index="6">
              <value>
                <![CDATA[ ]]>
              </value>
            </param>
            <param index="7">
              <value>
                <![CDATA[1]]>
              </value>
            </param>
            <param index="8">
              <value>
                <![CDATA[15-12-2024]]>
              </value>
            </param>
            <param index="9">
              <value>
                <![CDATA[16-12-2024]]>
              </value>
            </param>
            <param index="10">
              <value>
                <![CDATA[1]]>
              </value>
            </param>
            <param index="11">
              <value>
                <![CDATA[0]]>
              </value>
            </param>
            <param index="12">
              <value>
                <![CDATA[Search results displayed]]>
              </value>
            </param>
            <param index="13">
              <value>
                <![CDATA[Adactin.com - Select Hotel]]>
              </value>
            </param>
          </params>
          <reporter-output>
          </reporter-output>
        </test-method> <!-- searchTest -->
        <test-method is-config="true" signature="browserClose()[pri:0, instance:testCase.searchHotelTest@4397ad89]" started-at="2024-11-27T18:11:21 IST" name="browserClose" finished-at="2024-11-27T18:11:23 IST" duration-ms="1585" status="PASS">
          <reporter-output>
          </reporter-output>
        </test-method> <!-- browserClose -->
        <test-method is-config="true" signature="launchAndLoadURL(java.lang.String,java.lang.String)[pri:0, instance:testCase.searchHotelTest@4397ad89]" started-at="2024-11-27T18:11:23 IST" name="launchAndLoadURL" finished-at="2024-11-27T18:11:30 IST" duration-ms="7021" status="PASS">
          <params>
            <param index="0">
              <value>
                <![CDATA[browser]]>
              </value>
            </param>
            <param index="1">
              <value>
                <![CDATA[url]]>
              </value>
            </param>
          </params>
          <reporter-output>
          </reporter-output>
        </test-method> <!-- launchAndLoadURL -->
        <test-method signature="searchTest(java.lang.String,java.lang.String,java.lang.String,java.lang.String,java.lang.String,java.lang.String,java.lang.String,java.lang.String,java.lang.String,java.lang.String,java.lang.String,java.lang.String,java.lang.String,java.lang.String)[pri:0, instance:testCase.searchHotelTest@4397ad89]" started-at="2024-11-27T18:11:30 IST" name="searchTest" data-provider="excelRead" finished-at="2024-11-27T18:11:34 IST" duration-ms="3659" status="PASS">
          <params>
            <param index="0">
              <value>
                <![CDATA[TC_012]]>
              </value>
            </param>
            <param index="1">
              <value>
                <![CDATA[Search Hotels]]>
              </value>
            </param>
            <param index="2">
              <value>
                <![CDATA[Abirami20]]>
              </value>
            </param>
            <param index="3">
[...]
          <reporter-output>
          </reporter-output>
        </test-method> <!-- browserClose -->
        <test-method is-config="true" signature="launchAndLoadURL(java.lang.String,java.lang.String)[pri:0, instance:testCase.otherTest@6f19ac19]" started-at="2024-11-27T18:14:59 IST" name="launchAndLoadURL" finished-at="2024-11-27T18:15:06 IST" duration-ms="7208" status="PASS">
          <params>
            <param index="0">
              <value>
                <![CDATA[browser]]>
              </value>
            </param>
            <param index="1">
              <value>
                <![CDATA[url]]>
              </value>
            </param>
          </params>
          <reporter-output>
          </reporter-output>
        </test-method> <!-- launchAndLoadURL -->
        <test-method signature="otherScenarioTest(java.lang.String,java.lang.String,java.lang.String,java.lang.String,java.lang.String,java.lang.String,java.lang.String)[pri:0, instance:testCase.otherTest@6f19ac19]" started-at="2024-11-27T18:15:06 IST" name="otherScenarioTest" data-provider="excelRead" finished-at="2024-11-27T18:15:36 IST" duration-ms="29205" status="PASS">
          <params>
            <param index="0">
              <value>
                <![CDATA[TC_027]]>
              </value>
            </param>
            <param index="1">
              <value>
                <![CDATA[Check Cancel button in screen]]>
              </value>
            </param>
            <param index="2">
              <value>
                <![CDATA[Abirami20]]>
              </value>
            </param>
            <param index="3">
              <value>
                <![CDATA[S232323]]>
              </value>
            </param>
            <param index="4">
              <value>
                <![CDATA[9686GX138E]]>
              </value>
            </param>
            <param index="5">
              <value>
                <![CDATA[Booking Cancelled]]>
              </value>
            </param>
            <param index="6">
              <value>
                <![CDATA[ ]]>
              </value>
            </param>
          </params>
          <reporter-output>
          </reporter-output>
        </test-method> <!-- otherScenarioTest -->
        <test-method is-config="true" signature="browserClose()[pri:0, instance:testCase.otherTest@6f19ac19]" started-at="2024-11-27T18:15:36 IST" name="browserClose" finished-at="2024-11-27T18:15:37 IST" duration-ms="1437" status="PASS">
          <reporter-output>
          </reporter-output>
        </test-method> <!-- browserClose -->
        <test-method is-config="true" signature="launchAndLoadURL(java.lang.String,java.lang.String)[pri:0, instance:testCase.otherTest@6f19ac19]" started-at="2024-11-27T18:15:37 IST" name="launchAndLoadURL" finished-at="2024-11-27T18:15:43 IST" duration-ms="5990" status="PASS">
          <params>
            <param index="0">
              <value>
                <![CDATA[browser]]>
              </value>
            </param>
            <param index="1">
              <value>
                <![CDATA[url]]>
              </value>
            </param>
          </params>
          <reporter-output>
          </reporter-output>
        </test-method> <!-- launchAndLoadURL -->
        <test-method signature="otherScenarioTest(java.lang.String,java.lang.String,java.lang.String,java.lang.String,java.lang.String,java.lang.String,java.lang.String)[pri:0, instance:testCase.otherTest@6f19ac19]" started-at="2024-11-27T18:15:43 IST" name="otherScenarioTest" data-provider="excelRead" finished-at="2024-11-27T18:16:12 IST" duration-ms="28604" status="PASS">
          <params>
            <param index="0">
              <value>
                <![CDATA[TC_028]]>
              </value>
            </param>
            <param index="1">
              <value>
                <![CDATA[Click single checkbox and cancel selected button]]>
              </value>
            </param>
            <param index="2">
              <value>
                <![CDATA[Abirami20]]>
              </value>
            </param>
            <param index="3">
              <value>
                <![CDATA[S232323]]>
              </value>
            </param>
            <param index="4">
              <value>
                <![CDATA[59929LMZ32]]>
              </value>
            </param>
            <param index="5">
              <value>
                <![CDATA[Booking Cancelled]]>
              </value>
            </param>
            <param index="6">
              <value>
                <![CDATA[ ]]>
              </value>
            </param>
          </params>
          <reporter-output>
          </reporter-output>
        </test-method> <!-- otherScenarioTest -->
        <test-method is-config="true" signature="browserClose()[pri:0, instance:testCase.otherTest@6f19ac19]" started-at="2024-11-27T18:16:12 IST" name="browserClose" finished-at="2024-11-27T18:16:13 IST" duration-ms="1341" status="PASS">
          <reporter-output>
          </reporter-output>
        </test-method> <!-- browserClose -->
        <test-method is-config="true" signature="launchAndLoadURL(java.lang.String,java.lang.String)[pri:0, instance:testCase.otherTest@6f19ac19]" started-at="2024-11-27T18:16:13 IST" name="launchAndLoadURL" finished-at="2024-11-27T18:16:19 IST" duration-ms="5765" status="PASS">
          <params>
            <param index="0">
              <value>
                <![CDATA[browser]]>
              </value>
            </param>
            <param index="1">
              <value>
                <![CDATA[url]]>
              </value>
            </param>
          </params>
          <reporter-output>
          </reporter-output>
        </test-method> <!-- launchAndLoadURL -->
        <test-method signature="otherScenarioTest(java.lang.String,java.lang.String,java.lang.String,java.lang.String,java.lang.String,java.lang.String,java.lang.String)[pri:0, instance:testCase.otherTest@6f19ac19]" started-at="2024-11-27T18:16:19 IST" name="otherScenarioTest" data-provider="excelRead" finished-at="2024-11-27T18:17:12 IST" duration-ms="53671" status="PASS">
          <params>
            <param index="0">
              <value>
                <![CDATA[TC_029]]>
              </value>
            </param>
            <param index="1">
              <value>
                <![CDATA[Click multiple checkbox and cancel selected button]]>
              </value>
            </param>
            <param index="2">
              <value>
                <![CDATA[Abirami20]]>
              </value>
            </param>
            <param index="3">
              <value>
                <![CDATA[S232323]]>
              </value>
            </param>
            <param index="4">
              <value>
                <![CDATA[9BDM8WT052,HM7GMFNY97]]>
              </value>
            </param>
            <param index="5">
              <value>
                <![CDATA[Booking Cancelled]]>
              </value>
            </param>
            <param index="6">
              <value>
                <![CDATA[ ]]>
              </value>
            </param>
          </params>
          <reporter-output>
          </reporter-output>
        </test-method> <!-- otherScenarioTest -->
        <test-method is-config="true" signature="browserClose()[pri:0, instance:testCase.otherTest@6f19ac19]" started-at="2024-11-27T18:17:12 IST" name="browserClose" finished-at="2024-11-27T18:17:14 IST" duration-ms="1343" status="PASS">
          <reporter-output>
          </reporter-output>
        </test-method> <!-- browserClose -->
        <test-method is-config="true" signature="launchAndLoadURL(java.lang.String,java.lang.String)[pri:0, instance:testCase.otherTest@6f19ac19]" started-at="2024-11-27T18:17:14 IST" name="launchAndLoadURL" finished-at="2024-11-27T18:17:19 IST" duration-ms="5629" status="PASS">
          <params>
            <param index="0">
              <value>
                <![CDATA[browser]]>
              </value>
            </param>
            <param index="1">
              <value>
                <![CDATA[url]]>
              </value>
            </param>
          </params>
          <reporter-output>
          </reporter-output>
        </test-method> <!-- launchAndLoadURL -->
        <test-method signature="otherScenarioTest(java.lang.String,java.lang.String,java.lang.String,java.lang.String,java.lang.String,java.lang.String,java.lang.String)[pri:0, instance:testCase.otherTest@6f19ac19]" started-at="2024-11-27T18:17:19 IST" name="otherScenarioTest" data-provider="excelRead" finished-at="2024-11-27T18:17:22 IST" duration-ms="2263" status="PASS">
          <params>
            <param index="0">
              <value>
                <![CDATA[TC_030]]>
              </value>
            </param>
            <param index="1">
              <value>
                <![CDATA[Check Logout functionality]]>
              </value>
            </param>
            <param index="2">
              <value>
                <![CDATA[Abirami20]]>
              </value>
            </param>
            <param index="3">
              <value>
                <![CDATA[S232323]]>
              </value>
            </param>
            <param index="4">
              <value>
                <![CDATA[ ]]>
              </value>
            </param>
            <param index="5">
              <value>
                <![CDATA[Logout Succesful]]>
              </value>
            </param>
            <param index="6">
              <value>
                <![CDATA[Adactin.com - Logout]]>
              </value>
            </param>
          </params>
          <reporter-output>
          </reporter-output>
        </test-method> <!-- otherScenarioTest -->
        <test-method is-config="true" signature="browserClose()[pri:0, instance:testCase.otherTest@6f19ac19]" started-at="2024-11-27T18:17:22 IST" name="browserClose" finished-at="2024-11-27T18:17:24 IST" duration-ms="2199" status="PASS">
          <reporter-output>
          </reporter-output>
        </test-method> <!-- browserClose -->
      </class> <!-- testCase.otherTest -->
      <class name="testCase.loginTest">
        <test-method is-config="true" signature="reportInitilization()[pri:0, instance:testCase.loginTest@609db546]" started-at="2024-11-27T18:08:24 IST" name="reportInitilization" finished-at="2024-11-27T18:08:25 IST" duration-ms="520" status="PASS">
          <reporter-output>
          </reporter-output>
        </test-method> <!-- reportInitilization -->
        <test-method is-config="true" signature="setup()[pri:0, instance:testCase.loginTest@609db546]" started-at="2024-11-27T18:08:25 IST" name="setup" finished-at="2024-11-27T18:08:25 IST" duration-ms="1" status="PASS">
          <reporter-output>
          </reporter-output>
        </test-method> <!-- setup -->
        <test-method is-config="true" signature="testDetails()[pri:0, instance:testCase.loginTest@609db546]" started-at="2024-11-27T18:08:25 IST" name="testDetails" finished-at="2024-11-27T18:08:25 IST" duration-ms="1" status="PASS">
          <reporter-output>
          </reporter-output>
        </test-method> <!-- testDetails -->
        <test-method is-config="true" signature="launchAndLoadURL(java.lang.String,java.lang.String)[pri:0, instance:testCase.loginTest@609db546]" started-at="2024-11-27T18:08:26 IST" name="launchAndLoadURL" finished-at="2024-11-27T18:08:39 IST" duration-ms="13075" status="PASS">
          <params>
            <param index="0">
              <value>
                <![CDATA[browser]]>
              </value>
            </param>
            <param index="1">
              <value>
                <![CDATA[url]]>
              </value>
            </param>
          </params>
          <reporter-output>
          </reporter-output>
        </test-method> <!-- launchAndLoadURL -->
        <test-method signature="loginTestCase(java.lang.String,java.lang.String,java.lang.String,java.lang.String,java.lang.String,java.lang.String)[pri:0, instance:testCase.loginTest@609db546]" started-at="2024-11-27T18:08:39 IST" name="loginTestCase" data-provider="excelRead" finished-at="2024-11-27T18:08:44 IST" duration-ms="4787" status="PASS">
          <params>
            <param index="0">
              <value>
                <![CDATA[TC_001]]>
              </value>
            </param>
            <param index="1">
              <value>
                <![CDATA[Valid Login Test]]>
              </value>
            </param>
            <param index="2">
              <value>
                <![CDATA[Abirami20]]>
              </value>
            </param>
            <param index="3">
              <value>
                <![CDATA[S232323]]>
              </value>
            </param>
            <param index="4">
              <value>
                <![CDATA[Login Successful]]>
              </value>
            </param>
            <param index="5">
              <value>
                <![CDATA[Adactin.com - Search Hotel]]>
              </value>
            </param>
          </params>
          <reporter-output>
          </reporter-output>
        </test-method> <!-- loginTestCase -->
        <test-method is-config="true" signature="browserClose()[pri:0, instance:testCase.loginTest@609db546]" started-at="2024-11-27T18:08:44 IST" name="browserClose" finished-at="2024-11-27T18:08:46 IST" duration-ms="2019" status="PASS">
          <reporter-output>
          </reporter-output>
        </test-method> <!-- browserClose -->
        <test-method is-config="true" signature="launchAndLoadURL(java.lang.String,java.lang.String)[pri:0, instance:testCase.loginTest@609db546]" started-at="2024-11-27T18:08:46 IST" name="launchAndLoadURL" finished-at="2024-11-27T18:08:54 IST" duration-ms="7906" status="PASS">
          <params>
            <param index="0">
              <value>
                <![CDATA[browser]]>
              </value>
            </param>
            <param index="1">
              <value>
                <![CDATA[url]]>
              </value>
            </param>
          </params>
          <reporter-output>
          </reporter-output>
        </test-method> <!-- launchAndLoadURL -->
        <test-method signature="loginTestCase(java.lang.String,java.lang.String,java.lang.String,java.lang.String,java.lang.String,java.lang.String)[pri:0, instance:testCase.loginTest@609db546]" started-at="2024-11-27T18:08:54 IST" name="loginTestCase" data-provider="excelRead" finished-at="2024-11-27T18:08:56 IST" duration-ms="2370" status="PASS">
          <params>
            <param index="0">
              <value>
                <![CDATA[TC_002]]>
              </value>
            </param>
            <param index="1">
              <value>
                <![CDATA[Invalid Login Test]]>
              </value>
            </param>
            <param index="2">
              <value>
                <![CDATA[Abirami]]>
              </value>
            </param>
            <param index="3">
              <value>
                <![CDATA[S232323]]>
              </value>
            </param>
            <param index="4">
              <value>
                <![CDATA[Login failed]]>
              </value>
            </param>
            <param index="5">
              <value>
                <![CDATA[Invalid Login details or Your Password might have expired. Click here to reset your password]]>
              </value>
            </param>
          </params>
          <reporter-output>
          </reporter-output>
        </test-method> <!-- loginTestCase -->
        <test-method is-config="true" signature="browserClose()[pri:0, instance:testCase.loginTest@609db546]" started-at="2024-11-27T18:08:56 IST" name="browserClose" finished-at="2024-11-27T18:08:58 IST" duration-ms="1946" status="PASS">
          <reporter-output>
          </reporter-output>
        </test-method> <!-- browserClose -->
        <test-method is-config="true" signature="reportClose()[pri:0, instance:testCase.loginTest@609db546]" started-at="2024-11-27T18:17:24 IST" name="reportClose" finished-at="2024-11-27T18:17:25 IST" duration-ms="912" status="PASS">
          <reporter-output>
          </reporter-output>
        </test-method> <!-- reportClose -->
      </class> <!-- testCase.loginTest -->
      <class name="testCase.selectHotelTest">
        <test-method is-config="true" signature="config()[pri:0, instance:testCase.selectHotelTest@1bd39d3c]" started-at="2024-11-27T18:08:25 IST" name="config" finished-at="2024-11-27T18:08:25 IST" duration-ms="0" status="PASS">
          <reporter-output>
          </reporter-output>
        </test-method> <!-- config -->
        <test-method is-config="true" signature="testDetails()[pri:0, instance:testCase.selectHotelTest@1bd39d3c]" started-at="2024-11-27T18:14:26 IST" name="testDetails" finished-at="2024-11-27T18:14:26 IST" duration-ms="1" status="PASS">
          <reporter-output>
          </reporter-output>
        </test-method> <!-- testDetails -->
        <test-method is-config="true" signature="launchAndLoadURL(java.lang.String,java.lang.String)[pri:0, instance:testCase.selectHotelTest@1bd39d3c]" started-at="2024-11-27T18:14:27 IST" name="launchAndLoadURL" finished-at="2024-11-27T18:14:33 IST" duration-ms="6669" status="PASS">
          <params>
            <param index="0">
              <value>
                <![CDATA[browser]]>
              </value>
            </param>
            <param index="1">
              <value>
                <![CDATA[url]]>
              </value>
            </param>
          </params>
          <reporter-output>
          </reporter-output>
        </test-method> <!-- launchAndLoadURL -->
        <test-method signature="selectTest(java.lang.String,java.lang.String,java.lang.String,java.lang.String,java.lang.String,java.lang.String,java.lang.String)[pri:0, instance:testCase.selectHotelTest@1bd39d3c]" started-at="2024-11-27T18:14:33 IST" name="selectTest" data-provider="excelRead" finished-at="2024-11-27T18:14:37 IST" duration-ms="3389" status="PASS">
          <params>
            <param index="0">
              <value>
                <![CDATA[TC_025]]>
              </value>
            </param>
            <param index="1">
              <value>
                <![CDATA[Select a Hotel from search result]]>
              </value>
            </param>
            <param index="2">
              <value>
                <![CDATA[Abirami20]]>
              </value>
            </param>
            <param index="3">
              <value>
                <![CDATA[S232323]]>
              </value>
            </param>
            <param index="4">
              <value>
                <![CDATA[Sydney]]>
              </value>
            </param>
            <param index="5">
              <value>
                <![CDATA[Hotel Selected]]>
              </value>
            </param>
            <param index="6">
              <value>
                <![CDATA[Adactin.com - Book A Hotel]]>
              </value>
            </param>
          </params>
          <reporter-output>
          </reporter-output>
        </test-method> <!-- selectTest -->
        <test-method is-config="true" signature="browserClose()[pri:0, instance:testCase.selectHotelTest@1bd39d3c]" started-at="2024-11-27T18:14:37 IST" name="browserClose" finished-at="2024-11-27T18:14:40 IST" duration-ms="2884" status="PASS">
          <reporter-output>
          </reporter-output>
        </test-method> <!-- browserClose -->
      </class> <!-- testCase.selectHotelTest -->
    </test> <!-- lgTest -->
  </suite> <!-- Suite -->
</testng-results>
