<?xml version="1.0" encoding="UTF-8"?>
<testsuite xmlns:xsi="http://www.w3.org/2001/XMLSchema-instance" xsi:noNamespaceSchemaLocation="https://maven.apache.org/surefire/maven-surefire-plugin/xsd/surefire-test-report.xsd" version="3.0.2" name="TestSuite" time="542.413" tests="30" errors="0" skipped="0" failures="0">
  <properties>
[...]
</properties>
  <testcase name="loginTestCase[TC_001, Valid Login Test, Abirami20, S232323, Login Successful, Adactin.com - Search Hotel](1)" classname="testCase.loginTest" time="4.789">
    <system-out><![CDATA[SN:Login
Login clicked
]]></system-out>
    <system-err><![CDATA[Nov 27, 2024 6:08:34 PM org.openqa.selenium.devtools.CdpVersionFinder findNearestMatch
WARNING: Unable to find an exact match for CDP version 131, returning the closest version; found: 129; Please update to a Selenium version that supports CDP version 131
]]></system-err>
  </testcase>
  <testcase name="loginTestCase[TC_002, Invalid Login Test, Abirami, S232323, Login failed, Invalid Login details or Your Password might have expired. Click here to reset your password](2)" classname="testCase.loginTest" time="2.373">
    <system-out><![CDATA[Login clicked
]]></system-out>
    <system-err><![CDATA[Nov 27, 2024 6:08:51 PM org.openqa.selenium.devtools.CdpVersionFinder findNearestMatch
WARNING: Unable to find an exact match for CDP version 131, returning the closest version; found: 129; Please update to a Selenium version that supports CDP version 131
]]></system-err>
  </testcase>
  <testcase name="searchTest[TC_003, Validate Mandatory fields, Abirami20, S232323,  , Hotel Creek, Standard, 1, 15-12-2024, 16-12-2024, 1, 0, Error message displayed, Please Select a Location](1)" classname="testCase.searchHotelTest" time="4.202">
    <system-out><![CDATA[SN:Search
Login clicked
validation started
actual:Please Select a Location
expected:Please Select a Location
]]></system-out>
    <system-err><![CDATA[Nov 27, 2024 6:09:03 PM org.openqa.selenium.devtools.CdpVersionFinder findNearestMatch
WARNING: Unable to find an exact match for CDP version 131, returning the closest version; found: 129; Please update to a Selenium version that supports CDP version 131
]]></system-err>
  </testcase>
  <testcase name="searchTest[TC_004, Validate Mandatory fields, Abirami20, S232323, Sydney, Hotel Creek, Standard,  , 15-12-2024, 16-12-2024, 1, 0, Error message displayed, Please Select Total Number of Rooms](2)" classname="testCase.searchHotelTest" time="4.698">
    <system-out><![CDATA[Login clicked
validation started
actual:Please Select Total Number of Rooms
expected:Please Select Total Number of Rooms
]]></system-out>
    <system-err><![CDATA[Nov 27, 2024 6:09:16 PM org.openqa.selenium.devtools.CdpVersionFinder findNearestMatch
WARNING: Unable to find an exact match for CDP version 131, returning the closest version; found: 129; Please update to a Selenium version that supports CDP version 131
]]></system-err>
  </testcase>
  <testcase name="searchTest[TC_005, Validate Mandatory fields, Abirami20, S232323, Sydney, Hotel Creek, Standard, 1,  , 16-12-2024, 1, 0, Error message displayed, Please Select Check-In Date](3)" classname="testCase.searchHotelTest" time="3.948">
    <system-out><![CDATA[Login clicked
validation started
actual:Please Select Check-In Date
expected:Please Select Check-In Date
]]></system-out>
    <system-err><![CDATA[Nov 27, 2024 6:09:30 PM org.openqa.selenium.devtools.CdpVersionFinder findNearestMatch
WARNING: Unable to find an exact match for CDP version 131, returning the closest version; found: 129; Please update to a Selenium version that supports CDP version 131
]]></system-err>
  </testcase>
  <testcase name="searchTest[TC_006, Validate Mandatory fields, Abirami20, S232323, Sydney, Hotel Creek, Standard, 1, 15-12-2024,  , 1, 0, Error message displayed, Please Select Check-Out Date](4)" classname="testCase.searchHotelTest" time="4.791">
    <system-out><![CDATA[Login clicked
validation started
actual:Please Select Check-Out Date
expected:Please Select Check-Out Date
]]></system-out>
    <system-err><![CDATA[Nov 27, 2024 6:09:44 PM org.openqa.selenium.devtools.CdpVersionFinder findNearestMatch
WARNING: Unable to find an exact match for CDP version 131, returning the closest version; found: 129; Please update to a Selenium version that supports CDP version 131
]]></system-err>
  </testcase>
  <testcase name="searchTest[TC_007, Validate Mandatory fields, Abirami20, S232323, Sydney, Hotel Creek, Standard, 1, 15-12-2024, 16-12-2024,  , 0, Error message displayed, Please Select Adults per Room](5)" classname="testCase.searchHotelTest" time="4.483">
    <system-out><![CDATA[Login clicked
validation started
actual:Please Select Adults per Room
expected:Please Select Adults per Room
]]></system-out>
    <system-err><![CDATA[Nov 27, 2024 6:09:59 PM org.openqa.selenium.devtools.CdpVersionFinder findNearestMatch
WARNING: Unable to find an exact match for CDP version 131, returning the closest version; found: 129; Please update to a Selenium version that supports CDP version 131
]]></system-err>
  </testcase>
  <testcase name="searchTest[TC_008, Validate inputs, Abirami20, S232323, Sydney, Hotel Creek, Standard, 1, abcd, abcd, 1, 0, Error message not displayed, Invalid date](6)" classname="testCase.searchHotelTest" time="29.348">
    <system-out><![CDATA[Login clicked
validation started
actual:Adactin.com - Select Hotel
expected:Invalid date
]]></system-out>
    <system-err><![CDATA[Nov 27, 2024 6:10:13 PM org.openqa.selenium.devtools.CdpVersionFinder findNearestMatch
WARNING: Unable to find an exact match for CDP version 131, returning the closest version; found: 129; Please update to a Selenium version that supports CDP version 131
]]></system-err>
  </testcase>
  <testcase name="searchTest[TC_009, Validate inputs, Abirami20, S232323, Sydney, Hotel Creek, Standard, 1, 17-12-2024, 16-12-2024, 1, 0, Error message displayed, Check-In Date shall be before than Check-Out Date](7)" classname="testCase.searchHotelTest" time="3.66">
    <system-out><![CDATA[Login clicked
validation started
actual:Check-In Date shall be before than Check-Out Date
expected:Check-In Date shall be before than Check-Out Date
]]></system-out>
    <system-err><![CDATA[Nov 27, 2024 6:10:50 PM org.openqa.selenium.devtools.CdpVersionFinder findNearestMatch
WARNING: Unable to find an exact match for CDP version 131, returning the closest version; found: 129; Please update to a Selenium version that supports CDP version 131
]]></system-err>
  </testcase>
  <testcase name="searchTest[TC_010, Search Hotels, Abirami20, S232323, Sydney,  ,  , 1, 15-12-2024, 16-12-2024, 1, 0, Search results displayed, Adactin.com - Select Hotel](8)" classname="testCase.searchHotelTest" time="3.674">
    <system-out><![CDATA[Login clicked
validation started
actualAdactin.com - Select Hotel
expectedAdactin.com - Select Hotel
]]></system-out>
    <system-err><![CDATA[Nov 27, 2024 6:11:03 PM org.openqa.selenium.devtools.CdpVersionFinder findNearestMatch
WARNING: Unable to find an exact match for CDP version 131, returning the closest version; found: 129; Please update to a Selenium version that supports CDP version 131
]]></system-err>
  </testcase>
  <testcase name="searchTest[TC_011, Search Hotels, Abirami20, S232323, Sydney, Hotel Creek,  , 1, 15-12-2024, 16-12-2024, 1, 0, Search results displayed, Adactin.com - Select Hotel](9)" classname="testCase.searchHotelTest" time="3.615">
    <system-out><![CDATA[Login clicked
validation started
actualAdactin.com - Select Hotel
expectedAdactin.com - Select Hotel
]]></system-out>
    <system-err><![CDATA[Nov 27, 2024 6:11:15 PM org.openqa.selenium.devtools.CdpVersionFinder findNearestMatch
WARNING: Unable to find an exact match for CDP version 131, returning the closest version; found: 129; Please update to a Selenium version that supports CDP version 131
]]></system-err>
  </testcase>
  <testcase name="searchTest[TC_012, Search Hotels, Abirami20, S232323, Sydney,  , Standard, 1, 15-12-2024, 16-12-2024, 1, 0, Search results displayed, Adactin.com - Select Hotel](10)" classname="testCase.searchHotelTest" time="3.659">
    <system-out><![CDATA[Login clicked
validation started
actualAdactin.com - Select Hotel
expectedAdactin.com - Select Hotel
]]></system-out>
    <system-err><![CDATA[Nov 27, 2024 6:11:27 PM org.openqa.selenium.devtools.CdpVersionFinder findNearestMatch
WARNING: Unable to find an exact match for CDP version 131, returning the closest version; found: 129; Please update to a Selenium version that supports CDP version 131
]]></system-err>
  </testcase>
  <testcase name="bookTest[TC_013, Validate Mandatory fields, Abirami20, S232323, Sydney,  , S, H-23, Wall Street, Syndey, 1234567890123456, VISA, 1, 2030, 900, Error message displayed, Please Enter your First Name](1)" classname="testCase.bookaHotelTest" time="4.98">
    <system-out><![CDATA[SN:Book
Login clicked
Hotel Selected
Continue Clicked
Book clicked
validation started
actual:Please Enter your First Name
expected:Please Enter your First Name
]]></system-out>
    <system-err><![CDATA[Nov 27, 2024 6:11:40 PM org.openqa.selenium.devtools.CdpVersionFinder findNearestMatch
WARNING: Unable to find an exact match for CDP version 131, returning the closest version; found: 129; Please update to a Selenium version that supports CDP version 131
]]></system-err>
  </testcase>
  <testcase name="bookTest[TC_014, Validate Mandatory fields, Abirami20, S232323, Sydney, John,  , H-23, Wall Street, Syndey, 1234567890123456, VISA, 1, 2030, 900, Error message displayed, Please Enter you Last Name](2)" classname="testCase.bookaHotelTest" time="5.556">
    <system-out><![CDATA[Login clicked
Hotel Selected
Continue Clicked
Book clicked
validation started
actual:Please Enter you Last Name
expected:Please Enter you Last Name
]]></system-out>
    <system-err><![CDATA[Nov 27, 2024 6:11:54 PM org.openqa.selenium.devtools.CdpVersionFinder findNearestMatch
WARNING: Unable to find an exact match for CDP version 131, returning the closest version; found: 129; Please update to a Selenium version that supports CDP version 131
]]></system-err>
  </testcase>
  <testcase name="bookTest[TC_015, Validate Mandatory fields, Abirami20, S232323, Sydney, John, S,  , 1234567890123456, VISA, 1, 2030, 900, Error message displayed, Please Enter your Address](3)" classname="testCase.bookaHotelTest" time="5.013">
    <system-out><![CDATA[Login clicked
Hotel Selected
Continue Clicked
Book clicked
validation started
actual:Please Enter your Address
expected:Please Enter your Address
]]></system-out>
    <system-err><![CDATA[Nov 27, 2024 6:12:08 PM org.openqa.selenium.devtools.CdpVersionFinder findNearestMatch
WARNING: Unable to find an exact match for CDP version 131, returning the closest version; found: 129; Please update to a Selenium version that supports CDP version 131
]]></system-err>
  </testcase>
  <testcase name="bookTest[TC_016, Validate Mandatory fields, Abirami20, S232323, Sydney, John, S, H-23, Wall Street, Syndey,   , VISA, 1, 2030, 900, Error message displayed, Please Enter your 16 Digit Credit Card Number](4)" classname="testCase.bookaHotelTest" time="5.549">
    <system-out><![CDATA[Login clicked
Hotel Selected
Continue Clicked
Book clicked
validation started
actual:Please Enter your 16 Digit Credit Card Number
expected:Please Enter your 16 Digit Credit Card Number
]]></system-out>
    <system-err><![CDATA[Nov 27, 2024 6:12:22 PM org.openqa.selenium.devtools.CdpVersionFinder findNearestMatch
WARNING: Unable to find an exact match for CDP version 131, returning the closest version; found: 129; Please update to a Selenium version that supports CDP version 131
]]></system-err>
  </testcase>
  <testcase name="bookTest[TC_017, Validate Mandatory fields, Abirami20, S232323, Sydney, John, S, H-23, Wall Street, Syndey, 1234567890123456,  , 1, 2030, 900, Error message displayed, Please Select your Credit Card Type](5)" classname="testCase.bookaHotelTest" time="4.874">
    <system-out><![CDATA[Login clicked
Hotel Selected
Continue Clicked
Book clicked
validation started
actual:Please Select your Credit Card Type
expected:Please Select your Credit Card Type
]]></system-out>
    <system-err><![CDATA[Nov 27, 2024 6:12:36 PM org.openqa.selenium.devtools.CdpVersionFinder findNearestMatch
WARNING: Unable to find an exact match for CDP version 131, returning the closest version; found: 129; Please update to a Selenium version that supports CDP version 131
]]></system-err>
  </testcase>
  <testcase name="bookTest[TC_018, Validate Mandatory fields, Abirami20, S232323, Sydney, John, S, H-23, Wall Street, Syndey, 1234567890123456, VISA,  , 2030, 900, Error message displayed, Please Select your Credit Card Expiry Month](6)" classname="testCase.bookaHotelTest" time="4.968">
    <system-out><![CDATA[Login clicked
Hotel Selected
Continue Clicked
Book clicked
validation started
actual:Please Select your Credit Card Expiry Month
expected:Please Select your Credit Card Expiry Month
]]></system-out>
    <system-err><![CDATA[Nov 27, 2024 6:12:50 PM org.openqa.selenium.devtools.CdpVersionFinder findNearestMatch
WARNING: Unable to find an exact match for CDP version 131, returning the closest version; found: 129; Please update to a Selenium version that supports CDP version 131
]]></system-err>
  </testcase>
  <testcase name="bookTest[TC_019, Validate Mandatory fields, Abirami20, S232323, Sydney, John, S, H-23, Wall Street, Syndey, 1234567890123456, VISA, 1,  , 900, Error message displayed, Please Select your Credit Card Expiry Year](7)" classname="testCase.bookaHotelTest" time="4.91">
    <system-out><![CDATA[Login clicked
Hotel Selected
Continue Clicked
Book clicked
validation started
actual:Please Select your Credit Card Expiry Year
expected:Please Select your Credit Card Expiry Year
]]></system-out>
    <system-err><![CDATA[Nov 27, 2024 6:13:04 PM org.openqa.selenium.devtools.CdpVersionFinder findNearestMatch
WARNING: Unable to find an exact match for CDP version 131, returning the closest version; found: 129; Please update to a Selenium version that supports CDP version 131
]]></system-err>
  </testcase>
  <testcase name="bookTest[TC_020, Validate Mandatory fields, Abirami20, S232323, Sydney, John, S, H-23, Wall Street, Syndey, 1234567890123456, VISA, 1, 2030,  , Error message displayed, Please Enter your Credit Card CVV Number](8)" classname="testCase.bookaHotelTest" time="5.215">
    <system-out><![CDATA[Login clicked
Hotel Selected
Continue Clicked
Book clicked
validation started
actual:Please Enter your Credit Card CVV Number
expected:Please Enter your Credit Card CVV Number
]]></system-out>
    <system-err><![CDATA[Nov 27, 2024 6:13:18 PM org.openqa.selenium.devtools.CdpVersionFinder findNearestMatch
WARNING: Unable to find an exact match for CDP version 131, returning the closest version; found: 129; Please update to a Selenium version that supports CDP version 131
]]></system-err>
  </testcase>
  <testcase name="bookTest[TC_021, Validate Card number, Abirami20, S232323, Sydney, John, S, H-23, Wall Street, Syndey, 12345678901, VISA, 1, 2030, 900, Error message displayed, Please Enter your 16 Digit Credit Card Number](9)" classname="testCase.bookaHotelTest" time="5.21">
    <system-out><![CDATA[Login clicked
Hotel Selected
Continue Clicked
Book clicked
validation started
actual:Please Enter your 16 Digit Credit Card Number
expected:Please Enter your 16 Digit Credit Card Number
]]></system-out>
    <system-err><![CDATA[Nov 27, 2024 6:13:32 PM org.openqa.selenium.devtools.CdpVersionFinder findNearestMatch
WARNING: Unable to find an exact match for CDP version 131, returning the closest version; found: 129; Please update to a Selenium version that supports CDP version 131
]]></system-err>
  </testcase>
  <testcase name="bookTest[TC_022, Validate Expiry date, Abirami20, S232323, Sydney, John, S, H-23, Wall Street, Syndey, 1234567890123456, VISA, 1, 2013, 900, Error message not displayed, Expiry date is in past](10)" classname="testCase.bookaHotelTest" time="4.964">
    <system-out><![CDATA[Login clicked
Hotel Selected
Continue Clicked
Book clicked
validation started
]]></system-out>
    <system-err><![CDATA[Nov 27, 2024 6:13:46 PM org.openqa.selenium.devtools.CdpVersionFinder findNearestMatch
WARNING: Unable to find an exact match for CDP version 131, returning the closest version; found: 129; Please update to a Selenium version that supports CDP version 131
]]></system-err>
  </testcase>
  <testcase name="bookTest[TC_023, Booking scenario, Abirami20, S232323, Sydney, John, S, H-23, Wall Street, Syndey, 1234567890123456, VISA, 1, 2030, 900, Order number generated,  ](11)" classname="testCase.bookaHotelTest" time="10.375">
    <system-out><![CDATA[Login clicked
Hotel Selected
Continue Clicked
Book clicked
validation started
actual:
]]></system-out>
    <system-err><![CDATA[Nov 27, 2024 6:13:59 PM org.openqa.selenium.devtools.CdpVersionFinder findNearestMatch
WARNING: Unable to find an exact match for CDP version 131, returning the closest version; found: 129; Please update to a Selenium version that supports CDP version 131
]]></system-err>
  </testcase>
  <testcase name="bookTest[TC_024, Validate booked data, Abirami20, S232323, Sydney, John, S, H-23, Wall Street, Syndey, 1234567890123456, VISA, 1, 2030, 900, Second name not displayed, S](12)" classname="testCase.bookaHotelTest" time="4.772">
    <system-out><![CDATA[Login clicked
Hotel Selected
Continue Clicked
Book clicked
validation started
expected:S
actual:
]]></system-out>
    <system-err><![CDATA[Nov 27, 2024 6:14:17 PM org.openqa.selenium.devtools.CdpVersionFinder findNearestMatch
WARNING: Unable to find an exact match for CDP version 131, returning the closest version; found: 129; Please update to a Selenium version that supports CDP version 131
]]></system-err>
  </testcase>
  <testcase name="selectTest[TC_025, Select a Hotel from search result, Abirami20, S232323, Sydney, Hotel Selected, Adactin.com - Book A Hotel](1)" classname="testCase.selectHotelTest" time="3.389">
    <system-out><![CDATA[SN:Select
Login clicked
Hotel Selected
Continue Clicked
actualAdactin.com - Book A Hotel
expectedAdactin.com - Book A Hotel
]]></system-out>
    <system-err><![CDATA[Nov 27, 2024 6:14:30 PM org.openqa.selenium.devtools.CdpVersionFinder findNearestMatch
WARNING: Unable to find an exact match for CDP version 131, returning the closest version; found: 129; Please update to a Selenium version that supports CDP version 131
]]></system-err>
  </testcase>
  <testcase name="otherScenarioTest[TC_026, Check Booked Itinerary, Abirami20, S232323,  , Booked Itinerary displayed, Adactin.com - Select Hotel](1)" classname="testCase.otherTest" time="10.734">
    <system-out><![CDATA[SN:Other
Login clicked
]]></system-out>
    <system-err><![CDATA[Nov 27, 2024 6:14:44 PM org.openqa.selenium.devtools.CdpVersionFinder findNearestMatch
WARNING: Unable to find an exact match for CDP version 131, returning the closest version; found: 129; Please update to a Selenium version that supports CDP version 131
]]></system-err>
  </testcase>
  <testcase name="otherScenarioTest[TC_027, Check Cancel button in screen, Abirami20, S232323, 9686GX138E, Booking Cancelled,  ](2)" classname="testCase.otherTest" time="29.203">
    <system-out><![CDATA[Login clicked
]]></system-out>
    <system-err><![CDATA[Nov 27, 2024 6:15:03 PM org.openqa.selenium.devtools.CdpVersionFinder findNearestMatch
WARNING: Unable to find an exact match for CDP version 131, returning the closest version; found: 129; Please update to a Selenium version that supports CDP version 131
org.openqa.selenium.NoSuchElementException: no such element: Unable to locate element: {"method":"css selector","selector":"input[value*='9686GX138E']"}
  (Session info: MicrosoftEdge=131.0.2903.63)
For documentation on this error, please visit: https://www.selenium.dev/documentation/webdriver/troubleshooting/errors#no-such-element-exception
Build info: version: '4.25.0', revision: '8a8aea2337'
System info: os.name: 'Windows 11', os.arch: 'amd64', os.version: '10.0', java.version: '22.0.2'
Driver info: org.openqa.selenium.edge.EdgeDriver
Command: [aae7a7addb1bb0223cd3548cc9019b81, findElement {using=css selector, value=input[value*='9686GX138E']}]
Capabilities {acceptInsecureCerts: false, browserName: MicrosoftEdge, browserVersion: 131.0.2903.63, fedcm:accounts: true, ms:edgeOptions: {debuggerAddress: localhost:54080}, msedge: {msedgedriverVersion: 131.0.2903.70 (73cf19ceae66..., userDataDir: C:\Users\girit\AppData\Loca...}, networkConnectionEnabled: false, pageLoadStrategy: normal, platformName: windows, proxy: Proxy(), se:cdp: ws://localhost:54080/devtoo..., se:cdpVersion: 131.0.2903.63, setWindowRect: true, strictFileInteractability: false, timeouts: {implicit: 0, pageLoad: 300000, script: 30000}, unhandledPromptBehavior: dismiss and notify, webauthn:extension:credBlob: true, webauthn:extension:largeBlob: true, webauthn:extension:minPinLength: true, webauthn:extension:prf: true, webauthn:virtualAuthenticators: true}
Session ID: aae7a7addb1bb0223cd3548cc9019b81
	at java.base/jdk.internal.reflect.DirectConstructorHandleAccessor.newInstance(DirectConstructorHandleAccessor.java:62)
	at java.base/java.lang.reflect.Constructor.newInstanceWithCaller(Constructor.java:502)
	at java.base/java.lang.reflect.Constructor.newInstance(Constructor.java:486)
	at org.openqa.selenium.remote.ErrorCodec.decode(ErrorCodec.java:167)
	at org.openqa.selenium.remote.codec.w3c.W3CHttpResponseCodec.decode(W3CHttpResponseCodec.java:138)
	at org.openqa.selenium.remote.codec.w3c.W3CHttpResponseCodec.decode(W3CHttpResponseCodec.java:50)
	at org.openqa.selenium.remote.HttpCommandExecutor.execute(HttpCommandExecutor.java:190)
	at org.openqa.selenium.remote.service.DriverCommandExecutor.invokeExecute(DriverCommandExecutor.java:216)
	at org.openqa.selenium.remote.service.DriverCommandExecutor.execute(DriverCommandExecutor.java:174)
	at org.openqa.selenium.remote.RemoteWebDriver.execute(RemoteWebDriver.java:545)
	at org.openqa.selenium.remote.ElementLocation$ElementFinder$2.findElement(ElementLocation.java:165)
	at org.openqa.selenium.remote.ElementLocation.findElement(ElementLocation.java:59)
	at org.openqa.selenium.remote.RemoteWebDriver.findElement(RemoteWebDriver.java:368)
	at org.openqa.selenium.remote.RemoteWebDriver.findElement(RemoteWebDriver.java:362)
	at pages.bookedItineraryPage.validateCancelBooking(bookedItineraryPage.java:64)
	at pages.bookedItineraryPage.executeTestCase(bookedItineraryPage.java:87)
	at testCase.otherTest.otherScenarioTest(otherTest.java:51)
	at java.base/jdk.internal.reflect.DirectMethodHandleAccessor.invoke(DirectMethodHandleAccessor.java:103)
	at java.base/java.lang.reflect.Method.invoke(Method.java:580)
	at org.testng.internal.invokers.MethodInvocationHelper.invokeMethod(MethodInvocationHelper.java:141)
	at org.testng.internal.invokers.TestInvoker.invokeMethod(TestInvoker.java:686)
	at org.testng.internal.invokers.TestInvoker.invokeTestMethod(TestInvoker.java:230)
	at org.testng.internal.invokers.MethodRunner.runInSequence(MethodRunner.java:63)
	at org.testng.internal.invokers.TestInvoker$MethodInvocationAgent.invoke(TestInvoker.java:992)
	at org.testng.internal.invokers.TestInvoker.invokeTestMethods(TestInvoker.java:203)
	at org.testng.internal.invokers.TestMethodWorker.invokeTestMethods(TestMethodWorker.java:154)
	at org.testng.internal.invokers.TestMethodWorker.run(TestMethodWorker.java:134)
	at java.base/java.util.ArrayList.forEach(ArrayList.java:1597)
	at org.testng.TestRunner.privateRun(TestRunner.java:739)
	at org.testng.TestRunner.run(TestRunner.java:614)
	at org.testng.SuiteRunner.runTest(SuiteRunner.java:421)
	at org.testng.SuiteRunner.runSequentially(SuiteRunner.java:413)
	at org.testng.SuiteRunner.privateRun(SuiteRunner.java:373)
	at org.testng.SuiteRunner.run(SuiteRunner.java:312)
	at org.testng.SuiteRunnerWorker.runSuite(SuiteRunnerWorker.java:52)
	at org.testng.SuiteRunnerWorker.run(SuiteRunnerWorker.java:95)
	at org.testng.TestNG.runSuitesSequentially(TestNG.java:1274)
	at org.testng.TestNG.runSuitesLocally(TestNG.java:1208)
	at org.testng.TestNG.runSuites(TestNG.java:1112)
	at org.testng.TestNG.run(TestNG.java:1079)
	at org.apache.maven.surefire.testng.TestNGExecutor.run(TestNGExecutor.java:308)
	at org.apache.maven.surefire.testng.TestNGXmlTestSuite.execute(TestNGXmlTestSuite.java:71)
	at org.apache.maven.surefire.testng.TestNGProvider.invoke(TestNGProvider.java:113)
	at org.apache.maven.surefire.booter.ForkedBooter.runSuitesInProcess(ForkedBooter.java:385)
	at org.apache.maven.surefire.booter.ForkedBooter.execute(ForkedBooter.java:162)
	at org.apache.maven.surefire.booter.ForkedBooter.run(ForkedBooter.java:507)
	at org.apache.maven.surefire.booter.ForkedBooter.main(ForkedBooter.java:495)
]]></system-err>
  </testcase>
  <testcase name="otherScenarioTest[TC_028, Click single checkbox and cancel selected button, Abirami20, S232323, 59929LMZ32, Booking Cancelled,  ](3)" classname="testCase.otherTest" time="28.603">
    <system-out><![CDATA[Login clicked
OrderId:59929LMZ32
OrderName:order_id_1285551
CheckboxValue:1285551
]]></system-out>
    <system-err><![CDATA[Nov 27, 2024 6:15:40 PM org.openqa.selenium.devtools.CdpVersionFinder findNearestMatch
WARNING: Unable to find an exact match for CDP version 131, returning the closest version; found: 129; Please update to a Selenium version that supports CDP version 131
org.openqa.selenium.NoSuchElementException: no such element: Unable to locate element: {"method":"css selector","selector":"input[value*='59929LMZ32']"}
  (Session info: MicrosoftEdge=131.0.2903.63)
For documentation on this error, please visit: https://www.selenium.dev/documentation/webdriver/troubleshooting/errors#no-such-element-exception
Build info: version: '4.25.0', revision: '8a8aea2337'
System info: os.name: 'Windows 11', os.arch: 'amd64', os.version: '10.0', java.version: '22.0.2'
Driver info: org.openqa.selenium.edge.EdgeDriver
Command: [d848f5b3dbe122d8e98ae23c0ca4833f, findElement {using=css selector, value=input[value*='59929LMZ32']}]
Capabilities {acceptInsecureCerts: false, browserName: MicrosoftEdge, browserVersion: 131.0.2903.63, fedcm:accounts: true, ms:edgeOptions: {debuggerAddress: localhost:54156}, msedge: {msedgedriverVersion: 131.0.2903.70 (73cf19ceae66..., userDataDir: C:\Users\girit\AppData\Loca...}, networkConnectionEnabled: false, pageLoadStrategy: normal, platformName: windows, proxy: Proxy(), se:cdp: ws://localhost:54156/devtoo..., se:cdpVersion: 131.0.2903.63, setWindowRect: true, strictFileInteractability: false, timeouts: {implicit: 0, pageLoad: 300000, script: 30000}, unhandledPromptBehavior: dismiss and notify, webauthn:extension:credBlob: true, webauthn:extension:largeBlob: true, webauthn:extension:minPinLength: true, webauthn:extension:prf: true, webauthn:virtualAuthenticators: true}
Session ID: d848f5b3dbe122d8e98ae23c0ca4833f
	at java.base/jdk.internal.reflect.DirectConstructorHandleAccessor.newInstance(DirectConstructorHandleAccessor.java:62)
	at java.base/java.lang.reflect.Constructor.newInstanceWithCaller(Constructor.java:502)
	at java.base/java.lang.reflect.Constructor.newInstance(Constructor.java:486)
	at org.openqa.selenium.remote.ErrorCodec.decode(ErrorCodec.java:167)
	at org.openqa.selenium.remote.codec.w3c.W3CHttpResponseCodec.decode(W3CHttpResponseCodec.java:138)
	at org.openqa.selenium.remote.codec.w3c.W3CHttpResponseCodec.decode(W3CHttpResponseCodec.java:50)
	at org.openqa.selenium.remote.HttpCommandExecutor.execute(HttpCommandExecutor.java:190)
	at org.openqa.selenium.remote.service.DriverCommandExecutor.invokeExecute(DriverCommandExecutor.java:216)
	at org.openqa.selenium.remote.service.DriverCommandExecutor.execute(DriverCommandExecutor.java:174)
	at org.openqa.selenium.remote.RemoteWebDriver.execute(RemoteWebDriver.java:545)
	at org.openqa.selenium.remote.ElementLocation$ElementFinder$2.findElement(ElementLocation.java:165)
	at org.openqa.selenium.remote.ElementLocation.findElement(ElementLocation.java:59)
	at org.openqa.selenium.remote.RemoteWebDriver.findElement(RemoteWebDriver.java:368)
	at org.openqa.selenium.remote.RemoteWebDriver.findElement(RemoteWebDriver.java:362)
	at pages.bookedItineraryPage.validateCancelBooking(bookedItineraryPage.java:64)
	at pages.bookedItineraryPage.executeTestCase(bookedItineraryPage.java:95)
	at testCase.otherTest.otherScenarioTest(otherTest.java:51)
	at java.base/jdk.internal.reflect.DirectMethodHandleAccessor.invoke(DirectMethodHandleAccessor.java:103)
	at java.base/java.lang.reflect.Method.invoke(Method.java:580)
	at org.testng.internal.invokers.MethodInvocationHelper.invokeMethod(MethodInvocationHelper.java:141)
	at org.testng.internal.invokers.TestInvoker.invokeMethod(TestInvoker.java:686)
	at org.testng.internal.invokers.TestInvoker.invokeTestMethod(TestInvoker.java:230)
	at org.testng.internal.invokers.MethodRunner.runInSequence(MethodRunner.java:63)
	at org.testng.internal.invokers.TestInvoker$MethodInvocationAgent.invoke(TestInvoker.java:992)
	at org.testng.internal.invokers.TestInvoker.invokeTestMethods(TestInvoker.java:203)
	at org.testng.internal.invokers.TestMethodWorker.invokeTestMethods(TestMethodWorker.java:154)
	at org.testng.internal.invokers.TestMethodWorker.run(TestMethodWorker.java:134)
	at java.base/java.util.ArrayList.forEach(ArrayList.java:1597)
	at org.testng.TestRunner.privateRun(TestRunner.java:739)
	at org.testng.TestRunner.run(TestRunner.java:614)
	at org.testng.SuiteRunner.runTest(SuiteRunner.java:421)
	at org.testng.SuiteRunner.runSequentially(SuiteRunner.java:413)
	at org.testng.SuiteRunner.privateRun(SuiteRunner.java:373)
	at org.testng.SuiteRunner.run(SuiteRunner.java:312)
	at org.testng.SuiteRunnerWorker.runSuite(SuiteRunnerWorker.java:52)
	at org.testng.SuiteRunnerWorker.run(SuiteRunnerWorker.java:95)
	at org.testng.TestNG.runSuitesSequentially(TestNG.java:1274)
	at org.testng.TestNG.runSuitesLocally(TestNG.java:1208)
	at org.testng.TestNG.runSuites(TestNG.java:1112)
	at org.testng.TestNG.run(TestNG.java:1079)
	at org.apache.maven.surefire.testng.TestNGExecutor.run(TestNGExecutor.java:308)
	at org.apache.maven.surefire.testng.TestNGXmlTestSuite.execute(TestNGXmlTestSuite.java:71)
	at org.apache.maven.surefire.testng.TestNGProvider.invoke(TestNGProvider.java:113)
	at org.apache.maven.surefire.booter.ForkedBooter.runSuitesInProcess(ForkedBooter.java:385)
	at org.apache.maven.surefire.booter.ForkedBooter.execute(ForkedBooter.java:162)
	at org.apache.maven.surefire.booter.ForkedBooter.run(ForkedBooter.java:507)
	at org.apache.maven.surefire.booter.ForkedBooter.main(ForkedBooter.java:495)
]]></system-err>
  </testcase>
  <testcase name="otherScenarioTest[TC_029, Click multiple checkbox and cancel selected button, Abirami20, S232323, 9BDM8WT052,HM7GMFNY97, Booking Cancelled,  ](4)" classname="testCase.otherTest" time="53.671">
    <system-out><![CDATA[Login clicked
OrderId:9BDM8WT052
OrderName:order_id_1286488
CheckboxValue:1286488
OrderId:HM7GMFNY97
OrderName:order_id_1286489
CheckboxValue:1286489
]]></system-out>
    <system-err><![CDATA[Nov 27, 2024 6:16:16 PM org.openqa.selenium.devtools.CdpVersionFinder findNearestMatch
WARNING: Unable to find an exact match for CDP version 131, returning the closest version; found: 129; Please update to a Selenium version that supports CDP version 131
org.openqa.selenium.NoSuchElementException: no such element: Unable to locate element: {"method":"css selector","selector":"input[value*='9BDM8WT052']"}
  (Session info: MicrosoftEdge=131.0.2903.63)
For documentation on this error, please visit: https://www.selenium.dev/documentation/webdriver/troubleshooting/errors#no-such-element-exception
Build info: version: '4.25.0', revision: '8a8aea2337'
System info: os.name: 'Windows 11', os.arch: 'amd64', os.version: '10.0', java.version: '22.0.2'
Driver info: org.openqa.selenium.edge.EdgeDriver
Command: [1637739076bcfa6af2b8e9e3580cacd4, findElement {using=css selector, value=input[value*='9BDM8WT052']}]
Capabilities {acceptInsecureCerts: false, browserName: MicrosoftEdge, browserVersion: 131.0.2903.63, fedcm:accounts: true, ms:edgeOptions: {debuggerAddress: localhost:54211}, msedge: {msedgedriverVersion: 131.0.2903.70 (73cf19ceae66..., userDataDir: C:\Users\girit\AppData\Loca...}, networkConnectionEnabled: false, pageLoadStrategy: normal, platformName: windows, proxy: Proxy(), se:cdp: ws://localhost:54211/devtoo..., se:cdpVersion: 131.0.2903.63, setWindowRect: true, strictFileInteractability: false, timeouts: {implicit: 0, pageLoad: 300000, script: 30000}, unhandledPromptBehavior: dismiss and notify, webauthn:extension:credBlob: true, webauthn:extension:largeBlob: true, webauthn:extension:minPinLength: true, webauthn:extension:prf: true, webauthn:virtualAuthenticators: true}
Session ID: 1637739076bcfa6af2b8e9e3580cacd4
	at java.base/jdk.internal.reflect.DirectConstructorHandleAccessor.newInstance(DirectConstructorHandleAccessor.java:62)
	at java.base/java.lang.reflect.Constructor.newInstanceWithCaller(Constructor.java:502)
	at java.base/java.lang.reflect.Constructor.newInstance(Constructor.java:486)
	at org.openqa.selenium.remote.ErrorCodec.decode(ErrorCodec.java:167)
	at org.openqa.selenium.remote.codec.w3c.W3CHttpResponseCodec.decode(W3CHttpResponseCodec.java:138)
	at org.openqa.selenium.remote.codec.w3c.W3CHttpResponseCodec.decode(W3CHttpResponseCodec.java:50)
	at org.openqa.selenium.remote.HttpCommandExecutor.execute(HttpCommandExecutor.java:190)
	at org.openqa.selenium.remote.service.DriverCommandExecutor.invokeExecute(DriverCommandExecutor.java:216)
	at org.openqa.selenium.remote.service.DriverCommandExecutor.execute(DriverCommandExecutor.java:174)
	at org.openqa.selenium.remote.RemoteWebDriver.execute(RemoteWebDriver.java:545)
	at org.openqa.selenium.remote.ElementLocation$ElementFinder$2.findElement(ElementLocation.java:165)
	at org.openqa.selenium.remote.ElementLocation.findElement(ElementLocation.java:59)
	at org.openqa.selenium.remote.RemoteWebDriver.findElement(RemoteWebDriver.java:368)
	at org.openqa.selenium.remote.RemoteWebDriver.findElement(RemoteWebDriver.java:362)
	at pages.bookedItineraryPage.validateCancelBooking(bookedItineraryPage.java:64)
	at pages.bookedItineraryPage.executeTestCase(bookedItineraryPage.java:107)
	at testCase.otherTest.otherScenarioTest(otherTest.java:51)
	at java.base/jdk.internal.reflect.DirectMethodHandleAccessor.invoke(DirectMethodHandleAccessor.java:103)
	at java.base/java.lang.reflect.Method.invoke(Method.java:580)
	at org.testng.internal.invokers.MethodInvocationHelper.invokeMethod(MethodInvocationHelper.java:141)
	at org.testng.internal.invokers.TestInvoker.invokeMethod(TestInvoker.java:686)
	at org.testng.internal.invokers.TestInvoker.invokeTestMethod(TestInvoker.java:230)
	at org.testng.internal.invokers.MethodRunner.runInSequence(MethodRunner.java:63)
	at org.testng.internal.invokers.TestInvoker$MethodInvocationAgent.invoke(TestInvoker.java:992)
	at org.testng.internal.invokers.TestInvoker.invokeTestMethods(TestInvoker.java:203)
	at org.testng.internal.invokers.TestMethodWorker.invokeTestMethods(TestMethodWorker.java:154)
	at org.testng.internal.invokers.TestMethodWorker.run(TestMethodWorker.java:134)
	at java.base/java.util.ArrayList.forEach(ArrayList.java:1597)
	at org.testng.TestRunner.privateRun(TestRunner.java:739)
	at org.testng.TestRunner.run(TestRunner.java:614)
	at org.testng.SuiteRunner.runTest(SuiteRunner.java:421)
	at org.testng.SuiteRunner.runSequentially(SuiteRunner.java:413)
	at org.testng.SuiteRunner.privateRun(SuiteRunner.java:373)
	at org.testng.SuiteRunner.run(SuiteRunner.java:312)
	at org.testng.SuiteRunnerWorker.runSuite(SuiteRunnerWorker.java:52)
	at org.testng.SuiteRunnerWorker.run(SuiteRunnerWorker.java:95)
	at org.testng.TestNG.runSuitesSequentially(TestNG.java:1274)
	at org.testng.TestNG.runSuitesLocally(TestNG.java:1208)
	at org.testng.TestNG.runSuites(TestNG.java:1112)
	at org.testng.TestNG.run(TestNG.java:1079)
	at org.apache.maven.surefire.testng.TestNGExecutor.run(TestNGExecutor.java:308)
	at org.apache.maven.surefire.testng.TestNGXmlTestSuite.execute(TestNGXmlTestSuite.java:71)
	at org.apache.maven.surefire.testng.TestNGProvider.invoke(TestNGProvider.java:113)
	at org.apache.maven.surefire.booter.ForkedBooter.runSuitesInProcess(ForkedBooter.java:385)
	at org.apache.maven.surefire.booter.ForkedBooter.execute(ForkedBooter.java:162)
	at org.apache.maven.surefire.booter.ForkedBooter.run(ForkedBooter.java:507)
	at org.apache.maven.surefire.booter.ForkedBooter.main(ForkedBooter.java:495)
org.openqa.selenium.NoSuchElementException: no such element: Unable to locate element: {"method":"css selector","selector":"input[value*='HM7GMFNY97']"}
  (Session info: MicrosoftEdge=131.0.2903.63)
For documentation on this error, please visit: https://www.selenium.dev/documentation/webdriver/troubleshooting/errors#no-such-element-exception
Build info: version: '4.25.0', revision: '8a8aea2337'
System info: os.name: 'Windows 11', os.arch: 'amd64', os.version: '10.0', java.version: '22.0.2'
Driver info: org.openqa.selenium.edge.EdgeDriver
Command: [1637739076bcfa6af2b8e9e3580cacd4, findElement {using=css selector, value=input[value*='HM7GMFNY97']}]
Capabilities {acceptInsecureCerts: false, browserName: MicrosoftEdge, browserVersion: 131.0.2903.63, fedcm:accounts: true, ms:edgeOptions: {debuggerAddress: localhost:54211}, msedge: {msedgedriverVersion: 131.0.2903.70 (73cf19ceae66..., userDataDir: C:\Users\girit\AppData\Loca...}, networkConnectionEnabled: false, pageLoadStrategy: normal, platformName: windows, proxy: Proxy(), se:cdp: ws://localhost:54211/devtoo..., se:cdpVersion: 131.0.2903.63, setWindowRect: true, strictFileInteractability: false, timeouts: {implicit: 0, pageLoad: 300000, script: 30000}, unhandledPromptBehavior: dismiss and notify, webauthn:extension:credBlob: true, webauthn:extension:largeBlob: true, webauthn:extension:minPinLength: true, webauthn:extension:prf: true, webauthn:virtualAuthenticators: true}
Session ID: 1637739076bcfa6af2b8e9e3580cacd4
	at java.base/jdk.internal.reflect.DirectConstructorHandleAccessor.newInstance(DirectConstructorHandleAccessor.java:62)
	at java.base/java.lang.reflect.Constructor.newInstanceWithCaller(Constructor.java:502)
	at java.base/java.lang.reflect.Constructor.newInstance(Constructor.java:486)
	at org.openqa.selenium.remote.ErrorCodec.decode(ErrorCodec.java:167)
	at org.openqa.selenium.remote.codec.w3c.W3CHttpResponseCodec.decode(W3CHttpResponseCodec.java:138)
	at org.openqa.selenium.remote.codec.w3c.W3CHttpResponseCodec.decode(W3CHttpResponseCodec.java:50)
	at org.openqa.selenium.remote.HttpCommandExecutor.execute(HttpCommandExecutor.java:190)
	at org.openqa.selenium.remote.service.DriverCommandExecutor.invokeExecute(DriverCommandExecutor.java:216)
	at org.openqa.selenium.remote.service.DriverCommandExecutor.execute(DriverCommandExecutor.java:174)
	at org.openqa.selenium.remote.RemoteWebDriver.execute(RemoteWebDriver.java:545)
	at org.openqa.selenium.remote.ElementLocation$ElementFinder$2.findElement(ElementLocation.java:165)
	at org.openqa.selenium.remote.ElementLocation.findElement(ElementLocation.java:59)
	at org.openqa.selenium.remote.RemoteWebDriver.findElement(RemoteWebDriver.java:368)
	at org.openqa.selenium.remote.RemoteWebDriver.findElement(RemoteWebDriver.java:362)
	at pages.bookedItineraryPage.validateCancelBooking(bookedItineraryPage.java:64)
	at pages.bookedItineraryPage.executeTestCase(bookedItineraryPage.java:107)
	at testCase.otherTest.otherScenarioTest(otherTest.java:51)
	at java.base/jdk.internal.reflect.DirectMethodHandleAccessor.invoke(DirectMethodHandleAccessor.java:103)
	at java.base/java.lang.reflect.Method.invoke(Method.java:580)
	at org.testng.internal.invokers.MethodInvocationHelper.invokeMethod(MethodInvocationHelper.java:141)
	at org.testng.internal.invokers.TestInvoker.invokeMethod(TestInvoker.java:686)
	at org.testng.internal.invokers.TestInvoker.invokeTestMethod(TestInvoker.java:230)
	at org.testng.internal.invokers.MethodRunner.runInSequence(MethodRunner.java:63)
	at org.testng.internal.invokers.TestInvoker$MethodInvocationAgent.invoke(TestInvoker.java:992)
	at org.testng.internal.invokers.TestInvoker.invokeTestMethods(TestInvoker.java:203)
	at org.testng.internal.invokers.TestMethodWorker.invokeTestMethods(TestMethodWorker.java:154)
	at org.testng.internal.invokers.TestMethodWorker.run(TestMethodWorker.java:134)
	at java.base/java.util.ArrayList.forEach(ArrayList.java:1597)
	at org.testng.TestRunner.privateRun(TestRunner.java:739)
	at org.testng.TestRunner.run(TestRunner.java:614)
	at org.testng.SuiteRunner.runTest(SuiteRunner.java:421)
	at org.testng.SuiteRunner.runSequentially(SuiteRunner.java:413)
	at org.testng.SuiteRunner.privateRun(SuiteRunner.java:373)
	at org.testng.SuiteRunner.run(SuiteRunner.java:312)
	at org.testng.SuiteRunnerWorker.runSuite(SuiteRunnerWorker.java:52)
	at org.testng.SuiteRunnerWorker.run(SuiteRunnerWorker.java:95)
	at org.testng.TestNG.runSuitesSequentially(TestNG.java:1274)
	at org.testng.TestNG.runSuitesLocally(TestNG.java:1208)
	at org.testng.TestNG.runSuites(TestNG.java:1112)
	at org.testng.TestNG.run(TestNG.java:1079)
	at org.apache.maven.surefire.testng.TestNGExecutor.run(TestNGExecutor.java:308)
	at org.apache.maven.surefire.testng.TestNGXmlTestSuite.execute(TestNGXmlTestSuite.java:71)
	at org.apache.maven.surefire.testng.TestNGProvider.invoke(TestNGProvider.java:113)
	at org.apache.maven.surefire.booter.ForkedBooter.runSuitesInProcess(ForkedBooter.java:385)
	at org.apache.maven.surefire.booter.ForkedBooter.execute(ForkedBooter.java:162)
	at org.apache.maven.surefire.booter.ForkedBooter.run(ForkedBooter.java:507)
	at org.apache.maven.surefire.booter.ForkedBooter.main(ForkedBooter.java:495)
]]></system-err>
  </testcase>
  <testcase name="otherScenarioTest[TC_030, Check Logout functionality, Abirami20, S232323,  , Logout Succesful, Adactin.com - Logout](5)" classname="testCase.otherTest" time="2.263">
    <system-out><![CDATA[Login clicked
]]></system-out>
    <system-err><![CDATA[Nov 27, 2024 6:17:17 PM org.openqa.selenium.devtools.CdpVersionFinder findNearestMatch
WARNING: Unable to find an exact match for CDP version 131, returning the closest version; found: 129; Please update to a Selenium version that supports CDP version 131
]]></system-err>
  </testcase>
</testsuite>