<?xml version="1.0" encoding="UTF-8"?>
<testng-results ignored="0" total="2" passed="2" failed="0" skipped="0">
  <reporter-output>
  </reporter-output>
  <suite started-at="2024-11-27T17:04:32 IST" name="Suite" finished-at="2024-11-27T17:04:53 IST" duration-ms="21101">
    <groups>
    </groups>
    <test started-at="2024-11-27T17:04:32 IST" name="lgTest" finished-at="2024-11-27T17:04:53 IST" duration-ms="21101">
      <class name="testCase.loginTest">
        <test-method is-config="true" signature="reportInitilization()[pri:0, instance:testCase.loginTest@510f3d34]" started-at="2024-11-27T17:04:32 IST" name="reportInitilization" finished-at="2024-11-27T17:04:32 IST" duration-ms="356" status="PASS">
          <reporter-output>
          </reporter-output>
        </test-method> <!-- reportInitilization -->
        <test-method is-config="true" signature="setup()[pri:0, instance:testCase.loginTest@510f3d34]" started-at="2024-11-27T17:04:32 IST" name="setup" finished-at="2024-11-27T17:04:32 IST" duration-ms="1" status="PASS">
          <reporter-output>
          </reporter-output>
        </test-method> <!-- setup -->
        <test-method is-config="true" signature="testDetails()[pri:0, instance:testCase.loginTest@510f3d34]" started-at="2024-11-27T17:04:32 IST" name="testDetails" finished-at="2024-11-27T17:04:32 IST" duration-ms="1" status="PASS">
          <reporter-output>
          </reporter-output>
        </test-method> <!-- testDetails -->
        <test-method is-config="true" signature="launchAndLoadURL(java.lang.String,java.lang.String)[pri:0, instance:testCase.loginTest@510f3d34]" started-at="2024-11-27T17:04:33 IST" name="launchAndLoadURL" finished-at="2024-11-27T17:04:41 IST" duration-ms="7922" status="PASS">
          <params>
            <param index="0">
              <value>
                <![CDATA[browser]]>
              </value>
            </param>
            <param index="1">
              <value>
                <![CDATA[url]]>
              </value>
            </param>
          </params>
          <reporter-output>
          </reporter-output>
        </test-method> <!-- launchAndLoadURL -->
        <test-method signature="loginTestCase(java.lang.String,java.lang.String,java.lang.String,java.lang.String,java.lang.String,java.lang.String)[pri:0, instance:testCase.loginTest@510f3d34]" started-at="2024-11-27T17:04:41 IST" name="loginTestCase" data-provider="excelRead" finished-at="2024-11-27T17:04:44 IST" duration-ms="2458" status="PASS">
          <params>
            <param index="0">
              <value>
                <![CDATA[TC_001]]>
              </value>
            </param>
            <param index="1">
              <value>
                <![CDATA[Valid Login Test]]>
              </value>
            </param>
            <param index="2">
              <value>
                <![CDATA[Abirami20]]>
              </value>
            </param>
            <param index="3">
              <value>
                <![CDATA[S232323]]>
              </value>
            </param>
            <param index="4">
              <value>
                <![CDATA[Login Successful]]>
              </value>
            </param>
            <param index="5">
              <value>
                <![CDATA[Adactin.com - Search Hotel]]>
              </value>
            </param>
          </params>
          <reporter-output>
          </reporter-output>
        </test-method> <!-- loginTestCase -->
        <test-method is-config="true" signature="browserClose()[pri:0, instance:testCase.loginTest@510f3d34]" started-at="2024-11-27T17:04:44 IST" name="browserClose" finished-at="2024-11-27T17:04:45 IST" duration-ms="1399" status="PASS">
          <reporter-output>
          </reporter-output>
        </test-method> <!-- browserClose -->
        <test-method is-config="true" signature="launchAndLoadURL(java.lang.String,java.lang.String)[pri:0, instance:testCase.loginTest@510f3d34]" started-at="2024-11-27T17:04:45 IST" name="launchAndLoadURL" finished-at="2024-11-27T17:04:50 IST" duration-ms="4983" status="PASS">
          <params>
            <param index="0">
              <value>
                <![CDATA[browser]]>
              </value>
            </param>
            <param index="1">
              <value>
                <![CDATA[url]]>
              </value>
            </param>
          </params>
          <reporter-output>
          </reporter-output>
        </test-method> <!-- launchAndLoadURL -->
        <test-method signature="loginTestCase(java.lang.String,java.lang.String,java.lang.String,java.lang.String,java.lang.String,java.lang.String)[pri:0, instance:testCase.loginTest@510f3d34]" started-at="2024-11-27T17:04:50 IST" name="loginTestCase" data-provider="excelRead" finished-at="2024-11-27T17:04:52 IST" duration-ms="1963" status="PASS">
          <params>
            <param index="0">
              <value>
                <![CDATA[TC_002]]>
              </value>
            </param>
            <param index="1">
              <value>
                <![CDATA[Invalid Login Test]]>
              </value>
            </param>
            <param index="2">
              <value>
                <![CDATA[Abirami]]>
              </value>
            </param>
            <param index="3">
              <value>
                <![CDATA[S232323]]>
              </value>
            </param>
            <param index="4">
              <value>
                <![CDATA[Login failed]]>
              </value>
            </param>
            <param index="5">
              <value>
                <![CDATA[Invalid Login details or Your Password might have expired. Click here to reset your password]]>
              </value>
            </param>
          </params>
          <reporter-output>
          </reporter-output>
        </test-method> <!-- loginTestCase -->
        <test-method is-config="true" signature="browserClose()[pri:0, instance:testCase.loginTest@510f3d34]" started-at="2024-11-27T17:04:52 IST" name="browserClose" finished-at="2024-11-27T17:04:53 IST" duration-ms="1365" status="PASS">
          <reporter-output>
          </reporter-output>
        </test-method> <!-- browserClose -->
        <test-method is-config="true" signature="reportClose()[pri:0, instance:testCase.loginTest@510f3d34]" started-at="2024-11-27T17:04:53 IST" name="reportClose" finished-at="2024-11-27T17:04:54 IST" duration-ms="588" status="PASS">
          <reporter-output>
          </reporter-output>
        </test-method> <!-- reportClose -->
      </class> <!-- testCase.loginTest -->
    </test> <!-- lgTest -->
  </suite> <!-- Suite -->
</testng-results>
